#
# There is insufficient memory for the Java Runtime Environment to continue.
# Native memory allocation (malloc) failed to allocate 203536 bytes for Chunk::new
# Possible reasons:
#   The system is out of physical RAM or swap space
#   The process is running with CompressedOops enabled, and the Java Heap may be blocking the growth of the native heap
# Possible solutions:
#   Reduce memory load on the system
#   Increase physical memory or swap space
#   Check if swap backing store is full
#   Decrease Java heap size (-Xmx/-Xms)
#   Decrease number of Java threads
#   Decrease Java thread stack sizes (-Xss)
#   Set larger code cache with -XX:ReservedCodeCacheSize=
#   JVM is running with Unscaled Compressed Oops mode in which the Java heap is
#     placed in the first 4GB address space. The Java Heap base address is the
#     maximum limit for the native heap growth. Please use -XX:HeapBaseMinAddress
#     to set the Java Heap base and to place the Java Heap above 4GB virtual address.
# This output file may be truncated or incomplete.
#
#  Out of Memory Error (./src/hotspot/share/memory/arena.cpp:197), pid=1776, tid=4628
#
# JRE version: OpenJDK Runtime Environment (11.0.10) (build 11.0.10+0-b96-7249189)
# Java VM: OpenJDK 64-Bit Server VM (11.0.10+0-b96-7249189, mixed mode, tiered, compressed oops, g1 gc, windows-amd64)
# No core dump will be written. Minidumps are not enabled by default on client versions of Windows
#

---------------  S U M M A R Y ------------

Command Line: --add-opens=java.base/java.util=ALL-UNNAMED --add-opens=java.base/java.lang=ALL-UNNAMED --add-opens=java.base/java.lang.invoke=ALL-UNNAMED --add-opens=java.base/java.util=ALL-UNNAMED --add-opens=java.prefs/java.util.prefs=ALL-UNNAMED --add-opens=java.prefs/java.util.prefs=ALL-UNNAMED --add-opens=java.base/java.nio.charset=ALL-UNNAMED --add-opens=java.base/java.net=ALL-UNNAMED --add-opens=java.base/java.util.concurrent.atomic=ALL-UNNAMED -Xmx1536M -Dfile.encoding=windows-1254 -Duser.country=TR -Duser.language=tr -Duser.variant org.gradle.launcher.daemon.bootstrap.GradleDaemon 7.5

Host: Intel(R) Core(TM) i5-10300H CPU @ 2.50GHz, 8 cores, 7G,  Windows 10 , 64 bit Build 19041 (10.0.19041.3570)
Time: Sat Oct 14 22:35:25 2023 Türkiye Standart Saati elapsed time: 16.940774 seconds (0d 0h 0m 16s)

---------------  T H R E A D  ---------------

Current thread (0x000001e6fe0f2800):  JavaThread "C2 CompilerThread0" daemon [_thread_in_native, id=4628, stack(0x0000005ce0600000,0x0000005ce0700000)]


Current CompileTask:
C2:  16940 9824       4       org.gradle.internal.logging.text.AbstractLineChoppingStyledTextOutput::doAppend (43 bytes)

Stack: [0x0000005ce0600000,0x0000005ce0700000]
Native frames: (J=compiled Java code, j=interpreted, Vv=VM code, C=native code)
V  [jvm.dll+0x5ecfaa]
V  [jvm.dll+0x722bd5]
V  [jvm.dll+0x72412d]
V  [jvm.dll+0x7247e3]
V  [jvm.dll+0x242928]
V  [jvm.dll+0xbc4fc]
V  [jvm.dll+0xbca0c]
V  [jvm.dll+0x352d7d]
V  [jvm.dll+0x19800c]
V  [jvm.dll+0x1fb70e]
V  [jvm.dll+0x1fa7f4]
V  [jvm.dll+0x18354c]
V  [jvm.dll+0x208ee7]
V  [jvm.dll+0x207731]
V  [jvm.dll+0x6eb1cf]
V  [jvm.dll+0x6e3d45]
V  [jvm.dll+0x5ebe96]
C  [ucrtbase.dll+0x21bb2]
C  [KERNEL32.DLL+0x17344]
C  [ntdll.dll+0x526b1]


---------------  P R O C E S S  ---------------

Threads class SMR info:
_java_thread_list=0x000001e6950d8b40, length=138, elements={
0x000001e6f35f1000, 0x000001e6fd772000, 0x000001e6fd77d000, 0x000001e6fe0eb000,
0x000001e6fe0ec000, 0x000001e6fe0ef800, 0x000001e6fe0f2800, 0x000001e6fd797000,
0x000001e6fd7a8000, 0x000001e6fe24a000, 0x000001e6fe24b800, 0x000001e6fe247000,
0x000001e6fe247800, 0x000001e6fe248800, 0x000001e6fe249800, 0x000001e6fe24b000,
0x000001e6fe246000, 0x000001e6fe24c800, 0x000001e690407000, 0x000001e690406000,
0x000001e690407800, 0x000001e69040b000, 0x000001e690408800, 0x000001e69040a000,
0x000001e690405800, 0x000001e69040e800, 0x000001e69040c000, 0x000001e69040c800,
0x000001e69040d800, 0x000001e69040f000, 0x000001e690409800, 0x000001e690411800,
0x000001e690413000, 0x000001e690410000, 0x000001e690414000, 0x000001e6fe363800,
0x000001e6fe362000, 0x000001e6fe364800, 0x000001e6fe366000, 0x000001e6fe365000,
0x000001e6fe360000, 0x000001e6fe366800, 0x000001e6fe362800, 0x000001e6fe361000,
0x000001e6fe36b000, 0x000001e6fe36b800, 0x000001e6fe36c800, 0x000001e6fe36d000,
0x000001e6fe367800, 0x000001e6fe368800, 0x000001e6fe36a000, 0x000001e6fe36e000,
0x000001e6fe36f000, 0x000001e6fe369000, 0x000001e690553000, 0x000001e690555000,
0x000001e690556000, 0x000001e690553800, 0x000001e690554800, 0x000001e690557000,
0x000001e690551000, 0x000001e690557800, 0x000001e690552000, 0x000001e69055b000,
0x000001e69055c800, 0x000001e69055e000, 0x000001e690558800, 0x000001e69055c000,
0x000001e69055d800, 0x000001e69055f000, 0x000001e690559800, 0x000001e690560000,
0x000001e69055a000, 0x000001e691186000, 0x000001e691188800, 0x000001e69118a000,
0x000001e691186800, 0x000001e691184800, 0x000001e691187800, 0x000001e691189000,
0x000001e69118b000, 0x000001e691185000, 0x000001e69118c800, 0x000001e69118f000,
0x000001e69118d800, 0x000001e69118e000, 0x000001e69118f800, 0x000001e691190800,
0x000001e691191800, 0x000001e69118b800, 0x000001e691192000, 0x000001e691193000,
0x000001e690790000, 0x000001e69078e000, 0x000001e69078f000, 0x000001e690790800,
0x000001e690796800, 0x000001e690794000, 0x000001e690791800, 0x000001e690797000,
0x000001e690795800, 0x000001e690794800, 0x000001e690793000, 0x000001e690798000,
0x000001e690792800, 0x000001e690799000, 0x000001e69079a800, 0x000001e69079b800,
0x000001e690799800, 0x000001e69079c000, 0x000001e69079d000, 0x000001e6ff1c7800,
0x000001e6ff1c7000, 0x000001e6ff1cc000, 0x000001e6ff1ca000, 0x000001e6ff1c8800,
0x000001e6ff1c9800, 0x000001e6ff1cb000, 0x000001e6ff1c6000, 0x000001e6ff1d1800,
0x000001e6ff1d2800, 0x000001e6ff1cf000, 0x000001e6ff1cc800, 0x000001e6ff1d0000,
0x000001e6ff1d0800, 0x000001e6ff1d3000, 0x000001e6ff1cd800, 0x000001e6ff1d4000,
0x000001e6ff1ce000, 0x000001e6ff1d5000, 0x000001e6945e2800, 0x000001e6945e5000,
0x000001e6945e3800, 0x000001e695132800, 0x000001e6945e6000, 0x000001e6945e6800,
0x000001e6945e1000, 0x000001e6945e7800
}

Java Threads: ( => current thread )
  0x000001e6f35f1000 JavaThread "main" [_thread_blocked, id=16860, stack(0x0000005cdfa00000,0x0000005cdfb00000)]
  0x000001e6fd772000 JavaThread "Reference Handler" daemon [_thread_blocked, id=16588, stack(0x0000005ce0100000,0x0000005ce0200000)]
  0x000001e6fd77d000 JavaThread "Finalizer" daemon [_thread_blocked, id=10872, stack(0x0000005ce0200000,0x0000005ce0300000)]
  0x000001e6fe0eb000 JavaThread "Signal Dispatcher" daemon [_thread_blocked, id=2996, stack(0x0000005ce0300000,0x0000005ce0400000)]
  0x000001e6fe0ec000 JavaThread "Attach Listener" daemon [_thread_blocked, id=10952, stack(0x0000005ce0400000,0x0000005ce0500000)]
  0x000001e6fe0ef800 JavaThread "Service Thread" daemon [_thread_blocked, id=12456, stack(0x0000005ce0500000,0x0000005ce0600000)]
=>0x000001e6fe0f2800 JavaThread "C2 CompilerThread0" daemon [_thread_in_native, id=4628, stack(0x0000005ce0600000,0x0000005ce0700000)]
  0x000001e6fd797000 JavaThread "C1 CompilerThread0" daemon [_thread_blocked, id=15312, stack(0x0000005ce0700000,0x0000005ce0800000)]
  0x000001e6fd7a8000 JavaThread "Sweeper thread" daemon [_thread_blocked, id=8580, stack(0x0000005ce0800000,0x0000005ce0900000)]
  0x000001e6fe24a000 JavaThread "Common-Cleaner" daemon [_thread_blocked, id=13004, stack(0x0000005ce0900000,0x0000005ce0a00000)]
  0x000001e6fe24b800 JavaThread "Daemon health stats" [_thread_blocked, id=16792, stack(0x0000005ce0f00000,0x0000005ce1000000)]
  0x000001e6fe247000 JavaThread "Incoming local TCP Connector on port 60294" [_thread_in_native, id=11852, stack(0x0000005ce0b00000,0x0000005ce0c00000)]
  0x000001e6fe247800 JavaThread "Daemon periodic checks" [_thread_blocked, id=5364, stack(0x0000005ce0c00000,0x0000005ce0d00000)]
  0x000001e6fe248800 JavaThread "Daemon" [_thread_blocked, id=2128, stack(0x0000005ce1000000,0x0000005ce1100000)]
  0x000001e6fe249800 JavaThread "Handler for socket connection from /127.0.0.1:60294 to /127.0.0.1:60295" [_thread_in_native, id=15236, stack(0x0000005ce1100000,0x0000005ce1200000)]
  0x000001e6fe24b000 JavaThread "Cancel handler" [_thread_blocked, id=816, stack(0x0000005ce1200000,0x0000005ce1300000)]
  0x000001e6fe246000 JavaThread "Daemon worker" [_thread_blocked, id=11608, stack(0x0000005ce1300000,0x0000005ce1400000)]
  0x000001e6fe24c800 JavaThread "Asynchronous log dispatcher for DefaultDaemonConnection: socket connection from /127.0.0.1:60294 to /127.0.0.1:60295" [_thread_blocked, id=12772, stack(0x0000005ce1400000,0x0000005ce1500000)]
  0x000001e690407000 JavaThread "Stdin handler" [_thread_blocked, id=17384, stack(0x0000005ce1500000,0x0000005ce1600000)]
  0x000001e690406000 JavaThread "Daemon client event forwarder" [_thread_blocked, id=14428, stack(0x0000005ce1600000,0x0000005ce1700000)]
  0x000001e690407800 JavaThread "Cache worker for journal cache (C:\Users\enesa\.gradle\caches\journal-1)" [_thread_blocked, id=16564, stack(0x0000005ce1c00000,0x0000005ce1d00000)]
  0x000001e69040b000 JavaThread "File lock request listener" [_thread_in_native, id=15904, stack(0x0000005ce1d00000,0x0000005ce1e00000)]
  0x000001e690408800 JavaThread "Cache worker for file hash cache (C:\Users\enesa\.gradle\caches\7.5\fileHashes)" [_thread_blocked, id=12992, stack(0x0000005ce1e00000,0x0000005ce1f00000)]
  0x000001e69040a000 JavaThread "File watcher server" daemon [_thread_in_native, id=16532, stack(0x0000005ce2100000,0x0000005ce2200000)]
  0x000001e690405800 JavaThread "File watcher consumer" daemon [_thread_blocked, id=17268, stack(0x0000005ce2200000,0x0000005ce2300000)]
  0x000001e69040e800 JavaThread "Cache worker for checksums cache (C:\Development\plantECommerce\plant\android\.gradle\7.5\checksums)" [_thread_blocked, id=14292, stack(0x0000005ce2300000,0x0000005ce2400000)]
  0x000001e69040c000 JavaThread "Cache worker for cache directory md-rule (C:\Users\enesa\.gradle\caches\7.5\md-rule)" [_thread_blocked, id=8752, stack(0x0000005ce2400000,0x0000005ce2500000)]
  0x000001e69040c800 JavaThread "Cache worker for file content cache (C:\Users\enesa\.gradle\caches\7.5\fileContent)" [_thread_blocked, id=15180, stack(0x0000005ce2500000,0x0000005ce2600000)]
  0x000001e69040d800 JavaThread "Cache worker for file hash cache (C:\Development\plantECommerce\plant\android\.gradle\7.5\fileHashes)" [_thread_blocked, id=6128, stack(0x0000005ce2600000,0x0000005ce2700000)]
  0x000001e69040f000 JavaThread "Cache worker for cache directory md-supplier (C:\Users\enesa\.gradle\caches\7.5\md-supplier)" [_thread_blocked, id=7116, stack(0x0000005ce2700000,0x0000005ce2800000)]
  0x000001e690409800 JavaThread "Cache worker for execution history cache (C:\Users\enesa\.gradle\caches\7.5\executionHistory)" [_thread_blocked, id=17144, stack(0x0000005ce2800000,0x0000005ce2900000)]
  0x000001e690411800 JavaThread "jar transforms" [_thread_blocked, id=2488, stack(0x0000005ce2a00000,0x0000005ce2b00000)]
  0x000001e690413000 JavaThread "jar transforms Thread 2" [_thread_blocked, id=14244, stack(0x0000005ce2b00000,0x0000005ce2c00000)]
  0x000001e690410000 JavaThread "jar transforms Thread 3" [_thread_blocked, id=14276, stack(0x0000005ce2c00000,0x0000005ce2d00000)]
  0x000001e690414000 JavaThread "jar transforms Thread 4" [_thread_blocked, id=2428, stack(0x0000005ce2d00000,0x0000005ce2e00000)]
  0x000001e6fe363800 JavaThread "Cache worker for dependencies-accessors (C:\Development\plantECommerce\plant\android\.gradle\7.5\dependencies-accessors)" [_thread_blocked, id=3028, stack(0x0000005ce2e00000,0x0000005ce2f00000)]
  0x000001e6fe362000 JavaThread "jar transforms Thread 5" [_thread_blocked, id=7444, stack(0x0000005ce2f00000,0x0000005ce3000000)]
  0x000001e6fe364800 JavaThread "Cache worker for Build Output Cleanup Cache (C:\Development\plantECommerce\plant\android\.gradle\buildOutputCleanup)" [_thread_blocked, id=14728, stack(0x0000005ce3000000,0x0000005ce3100000)]
  0x000001e6fe366000 JavaThread "Unconstrained build operations" [_thread_blocked, id=5996, stack(0x0000005ce2000000,0x0000005ce2100000)]
  0x000001e6fe365000 JavaThread "Unconstrained build operations Thread 2" [_thread_blocked, id=13132, stack(0x0000005ce2900000,0x0000005ce2a00000)]
  0x000001e6fe360000 JavaThread "Unconstrained build operations Thread 3" [_thread_blocked, id=15920, stack(0x0000005ce3100000,0x0000005ce3200000)]
  0x000001e6fe366800 JavaThread "Unconstrained build operations Thread 4" [_thread_blocked, id=12940, stack(0x0000005ce3200000,0x0000005ce3300000)]
  0x000001e6fe362800 JavaThread "Unconstrained build operations Thread 5" [_thread_blocked, id=11584, stack(0x0000005ce3300000,0x0000005ce3400000)]
  0x000001e6fe361000 JavaThread "Unconstrained build operations Thread 6" [_thread_blocked, id=13912, stack(0x0000005ce3400000,0x0000005ce3500000)]
  0x000001e6fe36b000 JavaThread "Unconstrained build operations Thread 7" [_thread_blocked, id=15700, stack(0x0000005ce3500000,0x0000005ce3600000)]
  0x000001e6fe36b800 JavaThread "Unconstrained build operations Thread 8" [_thread_blocked, id=144, stack(0x0000005ce3600000,0x0000005ce3700000)]
  0x000001e6fe36c800 JavaThread "Unconstrained build operations Thread 9" [_thread_blocked, id=16732, stack(0x0000005ce3700000,0x0000005ce3800000)]
  0x000001e6fe36d000 JavaThread "Unconstrained build operations Thread 10" [_thread_blocked, id=10948, stack(0x0000005ce3800000,0x0000005ce3900000)]
  0x000001e6fe367800 JavaThread "Unconstrained build operations Thread 11" [_thread_blocked, id=15528, stack(0x0000005ce3900000,0x0000005ce3a00000)]
  0x000001e6fe368800 JavaThread "Unconstrained build operations Thread 12" [_thread_blocked, id=17208, stack(0x0000005ce3a00000,0x0000005ce3b00000)]
  0x000001e6fe36a000 JavaThread "Unconstrained build operations Thread 13" [_thread_blocked, id=9960, stack(0x0000005ce3b00000,0x0000005ce3c00000)]
  0x000001e6fe36e000 JavaThread "Unconstrained build operations Thread 14" [_thread_blocked, id=1548, stack(0x0000005ce3c00000,0x0000005ce3d00000)]
  0x000001e6fe36f000 JavaThread "Unconstrained build operations Thread 15" [_thread_blocked, id=17052, stack(0x0000005ce3d00000,0x0000005ce3e00000)]
  0x000001e6fe369000 JavaThread "Unconstrained build operations Thread 16" [_thread_blocked, id=15536, stack(0x0000005ce3e00000,0x0000005ce3f00000)]
  0x000001e690553000 JavaThread "Unconstrained build operations Thread 17" [_thread_blocked, id=2804, stack(0x0000005ce3f00000,0x0000005ce4000000)]
  0x000001e690555000 JavaThread "Unconstrained build operations Thread 18" [_thread_blocked, id=12268, stack(0x0000005ce4000000,0x0000005ce4100000)]
  0x000001e690556000 JavaThread "Unconstrained build operations Thread 19" [_thread_blocked, id=15684, stack(0x0000005ce4100000,0x0000005ce4200000)]
  0x000001e690553800 JavaThread "Unconstrained build operations Thread 20" [_thread_blocked, id=5064, stack(0x0000005ce4200000,0x0000005ce4300000)]
  0x000001e690554800 JavaThread "Unconstrained build operations Thread 21" [_thread_blocked, id=16824, stack(0x0000005ce4300000,0x0000005ce4400000)]
  0x000001e690557000 JavaThread "Unconstrained build operations Thread 22" [_thread_blocked, id=17016, stack(0x0000005ce4400000,0x0000005ce4500000)]
  0x000001e690551000 JavaThread "Unconstrained build operations Thread 23" [_thread_blocked, id=14404, stack(0x0000005ce4500000,0x0000005ce4600000)]
  0x000001e690557800 JavaThread "Unconstrained build operations Thread 24" [_thread_blocked, id=6516, stack(0x0000005ce4600000,0x0000005ce4700000)]
  0x000001e690552000 JavaThread "Unconstrained build operations Thread 25" [_thread_blocked, id=15020, stack(0x0000005ce4700000,0x0000005ce4800000)]
  0x000001e69055b000 JavaThread "Unconstrained build operations Thread 26" [_thread_blocked, id=15384, stack(0x0000005ce4800000,0x0000005ce4900000)]
  0x000001e69055c800 JavaThread "Unconstrained build operations Thread 27" [_thread_blocked, id=13092, stack(0x0000005ce4900000,0x0000005ce4a00000)]
  0x000001e69055e000 JavaThread "Unconstrained build operations Thread 28" [_thread_blocked, id=13328, stack(0x0000005ce4a00000,0x0000005ce4b00000)]
  0x000001e690558800 JavaThread "Unconstrained build operations Thread 29" [_thread_blocked, id=12352, stack(0x0000005ce4b00000,0x0000005ce4c00000)]
  0x000001e69055c000 JavaThread "Unconstrained build operations Thread 30" [_thread_blocked, id=3548, stack(0x0000005ce4c00000,0x0000005ce4d00000)]
  0x000001e69055d800 JavaThread "Unconstrained build operations Thread 31" [_thread_blocked, id=13256, stack(0x0000005ce4d00000,0x0000005ce4e00000)]
  0x000001e69055f000 JavaThread "Unconstrained build operations Thread 32" [_thread_blocked, id=1496, stack(0x0000005ce4e00000,0x0000005ce4f00000)]
  0x000001e690559800 JavaThread "Unconstrained build operations Thread 33" [_thread_blocked, id=10568, stack(0x0000005ce4f00000,0x0000005ce5000000)]
  0x000001e690560000 JavaThread "Unconstrained build operations Thread 34" [_thread_blocked, id=11616, stack(0x0000005ce5000000,0x0000005ce5100000)]
  0x000001e69055a000 JavaThread "Unconstrained build operations Thread 35" [_thread_blocked, id=2144, stack(0x0000005ce5100000,0x0000005ce5200000)]
  0x000001e691186000 JavaThread "Unconstrained build operations Thread 36" [_thread_blocked, id=15336, stack(0x0000005ce5200000,0x0000005ce5300000)]
  0x000001e691188800 JavaThread "Unconstrained build operations Thread 37" [_thread_blocked, id=13652, stack(0x0000005ce5300000,0x0000005ce5400000)]
  0x000001e69118a000 JavaThread "Unconstrained build operations Thread 38" [_thread_blocked, id=11452, stack(0x0000005ce5400000,0x0000005ce5500000)]
  0x000001e691186800 JavaThread "Unconstrained build operations Thread 39" [_thread_blocked, id=11728, stack(0x0000005ce5500000,0x0000005ce5600000)]
  0x000001e691184800 JavaThread "Unconstrained build operations Thread 40" [_thread_blocked, id=10528, stack(0x0000005ce5600000,0x0000005ce5700000)]
  0x000001e691187800 JavaThread "Unconstrained build operations Thread 41" [_thread_blocked, id=11676, stack(0x0000005ce5700000,0x0000005ce5800000)]
  0x000001e691189000 JavaThread "Unconstrained build operations Thread 42" [_thread_blocked, id=10768, stack(0x0000005ce5800000,0x0000005ce5900000)]
  0x000001e69118b000 JavaThread "Unconstrained build operations Thread 43" [_thread_blocked, id=4380, stack(0x0000005ce5900000,0x0000005ce5a00000)]
  0x000001e691185000 JavaThread "Unconstrained build operations Thread 44" [_thread_blocked, id=9264, stack(0x0000005ce5a00000,0x0000005ce5b00000)]
  0x000001e69118c800 JavaThread "Unconstrained build operations Thread 45" [_thread_blocked, id=10856, stack(0x0000005ce5b00000,0x0000005ce5c00000)]
  0x000001e69118f000 JavaThread "Unconstrained build operations Thread 46" [_thread_blocked, id=17244, stack(0x0000005ce5c00000,0x0000005ce5d00000)]
  0x000001e69118d800 JavaThread "Unconstrained build operations Thread 47" [_thread_blocked, id=3800, stack(0x0000005ce5d00000,0x0000005ce5e00000)]
  0x000001e69118e000 JavaThread "Unconstrained build operations Thread 48" [_thread_blocked, id=13380, stack(0x0000005ce5e00000,0x0000005ce5f00000)]
  0x000001e69118f800 JavaThread "Unconstrained build operations Thread 49" [_thread_blocked, id=13404, stack(0x0000005ce5f00000,0x0000005ce6000000)]
  0x000001e691190800 JavaThread "Unconstrained build operations Thread 50" [_thread_blocked, id=16472, stack(0x0000005ce6000000,0x0000005ce6100000)]
  0x000001e691191800 JavaThread "Unconstrained build operations Thread 51" [_thread_blocked, id=12868, stack(0x0000005ce6100000,0x0000005ce6200000)]
  0x000001e69118b800 JavaThread "Unconstrained build operations Thread 52" [_thread_blocked, id=7796, stack(0x0000005ce6200000,0x0000005ce6300000)]
  0x000001e691192000 JavaThread "Unconstrained build operations Thread 53" [_thread_blocked, id=1696, stack(0x0000005ce6300000,0x0000005ce6400000)]
  0x000001e691193000 JavaThread "Unconstrained build operations Thread 54" [_thread_blocked, id=8008, stack(0x0000005ce6400000,0x0000005ce6500000)]
  0x000001e690790000 JavaThread "Unconstrained build operations Thread 55" [_thread_blocked, id=9272, stack(0x0000005ce6500000,0x0000005ce6600000)]
  0x000001e69078e000 JavaThread "Unconstrained build operations Thread 56" [_thread_blocked, id=17232, stack(0x0000005ce6600000,0x0000005ce6700000)]
  0x000001e69078f000 JavaThread "Unconstrained build operations Thread 57" [_thread_blocked, id=14064, stack(0x0000005ce6700000,0x0000005ce6800000)]
  0x000001e690790800 JavaThread "Unconstrained build operations Thread 58" [_thread_blocked, id=12592, stack(0x0000005ce6800000,0x0000005ce6900000)]
  0x000001e690796800 JavaThread "Unconstrained build operations Thread 59" [_thread_blocked, id=7028, stack(0x0000005ce6900000,0x0000005ce6a00000)]
  0x000001e690794000 JavaThread "Unconstrained build operations Thread 60" [_thread_blocked, id=12896, stack(0x0000005ce6a00000,0x0000005ce6b00000)]
  0x000001e690791800 JavaThread "Unconstrained build operations Thread 61" [_thread_blocked, id=11980, stack(0x0000005ce6b00000,0x0000005ce6c00000)]
  0x000001e690797000 JavaThread "Unconstrained build operations Thread 62" [_thread_blocked, id=17040, stack(0x0000005ce6c00000,0x0000005ce6d00000)]
  0x000001e690795800 JavaThread "Unconstrained build operations Thread 63" [_thread_blocked, id=12088, stack(0x0000005ce6d00000,0x0000005ce6e00000)]
  0x000001e690794800 JavaThread "Unconstrained build operations Thread 64" [_thread_blocked, id=14956, stack(0x0000005ce6e00000,0x0000005ce6f00000)]
  0x000001e690793000 JavaThread "Unconstrained build operations Thread 65" [_thread_blocked, id=12744, stack(0x0000005ce6f00000,0x0000005ce7000000)]
  0x000001e690798000 JavaThread "Unconstrained build operations Thread 66" [_thread_blocked, id=7628, stack(0x0000005ce7000000,0x0000005ce7100000)]
  0x000001e690792800 JavaThread "Unconstrained build operations Thread 67" [_thread_blocked, id=13372, stack(0x0000005ce7100000,0x0000005ce7200000)]
  0x000001e690799000 JavaThread "Unconstrained build operations Thread 68" [_thread_blocked, id=7680, stack(0x0000005ce7200000,0x0000005ce7300000)]
  0x000001e69079a800 JavaThread "Unconstrained build operations Thread 69" [_thread_blocked, id=16216, stack(0x0000005ce7300000,0x0000005ce7400000)]
  0x000001e69079b800 JavaThread "Unconstrained build operations Thread 70" [_thread_blocked, id=15540, stack(0x0000005ce7400000,0x0000005ce7500000)]
  0x000001e690799800 JavaThread "Unconstrained build operations Thread 71" [_thread_blocked, id=15772, stack(0x0000005ce7500000,0x0000005ce7600000)]
  0x000001e69079c000 JavaThread "Unconstrained build operations Thread 72" [_thread_blocked, id=16480, stack(0x0000005ce7600000,0x0000005ce7700000)]
  0x000001e69079d000 JavaThread "Unconstrained build operations Thread 73" [_thread_blocked, id=14564, stack(0x0000005ce7700000,0x0000005ce7800000)]
  0x000001e6ff1c7800 JavaThread "Unconstrained build operations Thread 74" [_thread_blocked, id=14984, stack(0x0000005ce7800000,0x0000005ce7900000)]
  0x000001e6ff1c7000 JavaThread "Unconstrained build operations Thread 75" [_thread_blocked, id=6152, stack(0x0000005ce7900000,0x0000005ce7a00000)]
  0x000001e6ff1cc000 JavaThread "Unconstrained build operations Thread 76" [_thread_blocked, id=3200, stack(0x0000005ce7a00000,0x0000005ce7b00000)]
  0x000001e6ff1ca000 JavaThread "Unconstrained build operations Thread 77" [_thread_blocked, id=3668, stack(0x0000005ce7b00000,0x0000005ce7c00000)]
  0x000001e6ff1c8800 JavaThread "Unconstrained build operations Thread 78" [_thread_blocked, id=16184, stack(0x0000005ce7c00000,0x0000005ce7d00000)]
  0x000001e6ff1c9800 JavaThread "Unconstrained build operations Thread 79" [_thread_blocked, id=10888, stack(0x0000005ce7e00000,0x0000005ce7f00000)]
  0x000001e6ff1cb000 JavaThread "Unconstrained build operations Thread 80" [_thread_blocked, id=1840, stack(0x0000005ce7f00000,0x0000005ce8000000)]
  0x000001e6ff1c6000 JavaThread "jar transforms Thread 6" [_thread_blocked, id=16656, stack(0x0000005ce7d00000,0x0000005ce7e00000)]
  0x000001e6ff1d1800 JavaThread "jar transforms Thread 7" [_thread_blocked, id=14216, stack(0x0000005ce8000000,0x0000005ce8100000)]
  0x000001e6ff1d2800 JavaThread "jar transforms Thread 8" [_thread_blocked, id=12312, stack(0x0000005ce8100000,0x0000005ce8200000)]
  0x000001e6ff1cf000 JavaThread "Cache worker for kotlin-dsl (C:\Users\enesa\.gradle\caches\7.5\kotlin-dsl)" [_thread_blocked, id=14148, stack(0x0000005ce8300000,0x0000005ce8400000)]
  0x000001e6ff1cc800 JavaThread "Cache worker for Build Output Cleanup Cache (C:\src\flutter\packages\flutter_tools\gradle\.gradle\buildOutputCleanup)" [_thread_blocked, id=7896, stack(0x0000005ce8400000,0x0000005ce8500000)]
  0x000001e6ff1d0000 JavaThread "Memory manager" [_thread_blocked, id=9532, stack(0x0000005ce8600000,0x0000005ce8700000)]
  0x000001e6ff1d0800 JavaThread "included builds" [_thread_blocked, id=15680, stack(0x0000005ce8500000,0x0000005ce8600000)]
  0x000001e6ff1d3000 JavaThread "Execution worker" [_thread_blocked, id=14880, stack(0x0000005ce8700000,0x0000005ce8800000)]
  0x000001e6ff1cd800 JavaThread "Execution worker Thread 2" [_thread_blocked, id=11840, stack(0x0000005ce8800000,0x0000005ce8900000)]
  0x000001e6ff1d4000 JavaThread "Execution worker Thread 3" [_thread_blocked, id=13760, stack(0x0000005ce8900000,0x0000005ce8a00000)]
  0x000001e6ff1ce000 JavaThread "Execution worker Thread 4" [_thread_blocked, id=788, stack(0x0000005ce8a00000,0x0000005ce8b00000)]
  0x000001e6ff1d5000 JavaThread "Execution worker Thread 5" [_thread_blocked, id=10920, stack(0x0000005ce8b00000,0x0000005ce8c00000)]
  0x000001e6945e2800 JavaThread "Execution worker Thread 6" [_thread_blocked, id=1896, stack(0x0000005ce8c00000,0x0000005ce8d00000)]
  0x000001e6945e5000 JavaThread "Execution worker Thread 7" [_thread_blocked, id=7352, stack(0x0000005ce8d00000,0x0000005ce8e00000)]
  0x000001e6945e3800 JavaThread "Cache worker for execution history cache (C:\src\flutter\packages\flutter_tools\gradle\.gradle\7.5\executionHistory)" [_thread_blocked, id=9860, stack(0x0000005ce8e00000,0x0000005ce8f00000)]
  0x000001e695132800 JavaThread "C2 CompilerThread1" daemon [_thread_blocked, id=7000, stack(0x0000005ce8200000,0x0000005ce8300000)]
  0x000001e6945e6000 JavaThread "Cache worker for execution history cache (C:\Development\plantECommerce\plant\android\.gradle\7.5\executionHistory)" [_thread_blocked, id=7960, stack(0x0000005ce9000000,0x0000005ce9100000)]
  0x000001e6945e6800 JavaThread "Exec process" [_thread_in_native, id=13344, stack(0x0000005ce9100000,0x0000005ce9200000)]
  0x000001e6945e1000 JavaThread "Exec process Thread 2" [_thread_in_native, id=11444, stack(0x0000005ce9200000,0x0000005ce9300000)]
  0x000001e6945e7800 JavaThread "Exec process Thread 3" [_thread_in_native, id=16996, stack(0x0000005ce9300000,0x0000005ce9400000)]

Other Threads:
  0x000001e6fd74f000 VMThread "VM Thread" [stack: 0x0000005ce0000000,0x0000005ce0100000] [id=16008]
  0x000001e6fe28e000 WatcherThread [stack: 0x0000005ce0a00000,0x0000005ce0b00000] [id=14576]
  0x000001e6f360a800 GCTaskThread "GC Thread#0" [stack: 0x0000005cdfb00000,0x0000005cdfc00000] [id=13168]
  0x000001e6fee10000 GCTaskThread "GC Thread#1" [stack: 0x0000005ce0d00000,0x0000005ce0e00000] [id=16520]
  0x000001e6ff67f000 GCTaskThread "GC Thread#2" [stack: 0x0000005ce0e00000,0x0000005ce0f00000] [id=7708]
  0x000001e68f4a6800 GCTaskThread "GC Thread#3" [stack: 0x0000005ce1700000,0x0000005ce1800000] [id=12084]
  0x000001e68f4a7800 GCTaskThread "GC Thread#4" [stack: 0x0000005ce1800000,0x0000005ce1900000] [id=16096]
  0x000001e6ffc0f800 GCTaskThread "GC Thread#5" [stack: 0x0000005ce1900000,0x0000005ce1a00000] [id=1180]
  0x000001e6ffc10800 GCTaskThread "GC Thread#6" [stack: 0x0000005ce1a00000,0x0000005ce1b00000] [id=2960]
  0x000001e68fa1c800 GCTaskThread "GC Thread#7" [stack: 0x0000005ce1b00000,0x0000005ce1c00000] [id=13932]
  0x000001e6f3632000 ConcurrentGCThread "G1 Main Marker" [stack: 0x0000005cdfc00000,0x0000005cdfd00000] [id=12652]
  0x000001e6f3633800 ConcurrentGCThread "G1 Conc#0" [stack: 0x0000005cdfd00000,0x0000005cdfe00000] [id=15356]
  0x000001e68fb7b800 ConcurrentGCThread "G1 Conc#1" [stack: 0x0000005ce1f00000,0x0000005ce2000000] [id=4796]
  0x000001e6f36c2800 ConcurrentGCThread "G1 Refine#0" [stack: 0x0000005cdfe00000,0x0000005cdff00000] [id=5408]
  0x000001e6f36c3800 ConcurrentGCThread "G1 Young RemSet Sampling" [stack: 0x0000005cdff00000,0x0000005ce0000000] [id=1432]

Threads with active compile tasks:
C2 CompilerThread0  16959 9824       4       org.gradle.internal.logging.text.AbstractLineChoppingStyledTextOutput::doAppend (43 bytes)

VM state:not at safepoint (normal execution)

VM Mutex/Monitor currently owned by a thread: None

Heap address: 0x00000000a0000000, size: 1536 MB, Compressed Oops mode: 32-bit
Narrow klass base: 0x0000000000000000, Narrow klass shift: 3
Compressed class space size: 1073741824 Address: 0x0000000100000000

Heap:
 garbage-first heap   total 155648K, used 112054K [0x00000000a0000000, 0x0000000100000000)
  region size 1024K, 30 young (30720K), 6 survivors (6144K)
 Metaspace       used 94752K, capacity 97553K, committed 97616K, reserved 1132544K
  class space    used 12682K, capacity 13758K, committed 13772K, reserved 1048576K
Heap Regions: E=young(eden), S=young(survivor), O=old, HS=humongous(starts), HC=humongous(continues), CS=collection set, F=free, A=archive, TAMS=top-at-mark-start (previous, next)
|   0|0x00000000a0000000, 0x00000000a0100000, 0x00000000a0100000|100%| O|  |TAMS 0x00000000a0100000, 0x00000000a0000000| Untracked 
|   1|0x00000000a0100000, 0x00000000a0200000, 0x00000000a0200000|100%| O|  |TAMS 0x00000000a0200000, 0x00000000a0100000| Untracked 
|   2|0x00000000a0200000, 0x00000000a0300000, 0x00000000a0300000|100%| O|  |TAMS 0x00000000a0300000, 0x00000000a0200000| Untracked 
|   3|0x00000000a0300000, 0x00000000a0400000, 0x00000000a0400000|100%|HS|  |TAMS 0x00000000a0400000, 0x00000000a0300000| Complete 
|   4|0x00000000a0400000, 0x00000000a0500000, 0x00000000a0500000|100%|HC|  |TAMS 0x00000000a0500000, 0x00000000a0400000| Complete 
|   5|0x00000000a0500000, 0x00000000a0600000, 0x00000000a0600000|100%|HC|  |TAMS 0x00000000a0600000, 0x00000000a0500000| Complete 
|   6|0x00000000a0600000, 0x00000000a0700000, 0x00000000a0700000|100%| O|  |TAMS 0x00000000a0700000, 0x00000000a0600000| Untracked 
|   7|0x00000000a0700000, 0x00000000a0800000, 0x00000000a0800000|100%| O|  |TAMS 0x00000000a0800000, 0x00000000a0700000| Untracked 
|   8|0x00000000a0800000, 0x00000000a0900000, 0x00000000a0900000|100%| O|  |TAMS 0x00000000a0900000, 0x00000000a0800000| Untracked 
|   9|0x00000000a0900000, 0x00000000a0a00000, 0x00000000a0a00000|100%| O|  |TAMS 0x00000000a0a00000, 0x00000000a0900000| Untracked 
|  10|0x00000000a0a00000, 0x00000000a0b00000, 0x00000000a0b00000|100%| O|  |TAMS 0x00000000a0b00000, 0x00000000a0a00000| Untracked 
|  11|0x00000000a0b00000, 0x00000000a0c00000, 0x00000000a0c00000|100%| O|  |TAMS 0x00000000a0c00000, 0x00000000a0b00000| Untracked 
|  12|0x00000000a0c00000, 0x00000000a0d00000, 0x00000000a0d00000|100%| O|  |TAMS 0x00000000a0d00000, 0x00000000a0c00000| Untracked 
|  13|0x00000000a0d00000, 0x00000000a0e00000, 0x00000000a0e00000|100%| O|  |TAMS 0x00000000a0e00000, 0x00000000a0d00000| Untracked 
|  14|0x00000000a0e00000, 0x00000000a0f00000, 0x00000000a0f00000|100%| O|  |TAMS 0x00000000a0f00000, 0x00000000a0e00000| Untracked 
|  15|0x00000000a0f00000, 0x00000000a1000000, 0x00000000a1000000|100%| O|  |TAMS 0x00000000a1000000, 0x00000000a0f00000| Untracked 
|  16|0x00000000a1000000, 0x00000000a1100000, 0x00000000a1100000|100%| O|  |TAMS 0x00000000a1100000, 0x00000000a1000000| Untracked 
|  17|0x00000000a1100000, 0x00000000a1200000, 0x00000000a1200000|100%|HS|  |TAMS 0x00000000a1200000, 0x00000000a1100000| Complete 
|  18|0x00000000a1200000, 0x00000000a1300000, 0x00000000a1300000|100%| O|  |TAMS 0x00000000a1300000, 0x00000000a1200000| Untracked 
|  19|0x00000000a1300000, 0x00000000a1400000, 0x00000000a1400000|100%| O|  |TAMS 0x00000000a1400000, 0x00000000a1300000| Untracked 
|  20|0x00000000a1400000, 0x00000000a1500000, 0x00000000a1500000|100%| O|  |TAMS 0x00000000a1500000, 0x00000000a1400000| Untracked 
|  21|0x00000000a1500000, 0x00000000a1600000, 0x00000000a1600000|100%| O|  |TAMS 0x00000000a1600000, 0x00000000a1500000| Untracked 
|  22|0x00000000a1600000, 0x00000000a1700000, 0x00000000a1700000|100%| O|  |TAMS 0x00000000a1700000, 0x00000000a1600000| Untracked 
|  23|0x00000000a1700000, 0x00000000a1800000, 0x00000000a1800000|100%| O|  |TAMS 0x00000000a1800000, 0x00000000a1700000| Untracked 
|  24|0x00000000a1800000, 0x00000000a1900000, 0x00000000a1900000|100%| O|  |TAMS 0x00000000a1900000, 0x00000000a1800000| Untracked 
|  25|0x00000000a1900000, 0x00000000a1a00000, 0x00000000a1a00000|100%| O|  |TAMS 0x00000000a1a00000, 0x00000000a1900000| Untracked 
|  26|0x00000000a1a00000, 0x00000000a1b00000, 0x00000000a1b00000|100%| O|  |TAMS 0x00000000a1b00000, 0x00000000a1a00000| Untracked 
|  27|0x00000000a1b00000, 0x00000000a1c00000, 0x00000000a1c00000|100%| O|  |TAMS 0x00000000a1c00000, 0x00000000a1b00000| Untracked 
|  28|0x00000000a1c00000, 0x00000000a1d00000, 0x00000000a1d00000|100%|HS|  |TAMS 0x00000000a1d00000, 0x00000000a1c00000| Complete 
|  29|0x00000000a1d00000, 0x00000000a1e00000, 0x00000000a1e00000|100%|HS|  |TAMS 0x00000000a1e00000, 0x00000000a1d00000| Complete 
|  30|0x00000000a1e00000, 0x00000000a1f00000, 0x00000000a1f00000|100%|HS|  |TAMS 0x00000000a1f00000, 0x00000000a1e00000| Complete 
|  31|0x00000000a1f00000, 0x00000000a2000000, 0x00000000a2000000|100%|HC|  |TAMS 0x00000000a2000000, 0x00000000a1f00000| Complete 
|  32|0x00000000a2000000, 0x00000000a2100000, 0x00000000a2100000|100%|HC|  |TAMS 0x00000000a2100000, 0x00000000a2000000| Complete 
|  33|0x00000000a2100000, 0x00000000a2200000, 0x00000000a2200000|100%| O|  |TAMS 0x00000000a2200000, 0x00000000a2100000| Untracked 
|  34|0x00000000a2200000, 0x00000000a2300000, 0x00000000a2300000|100%|HS|  |TAMS 0x00000000a2300000, 0x00000000a2200000| Complete 
|  35|0x00000000a2300000, 0x00000000a2400000, 0x00000000a2400000|100%|HC|  |TAMS 0x00000000a2400000, 0x00000000a2300000| Complete 
|  36|0x00000000a2400000, 0x00000000a2500000, 0x00000000a2500000|100%| O|  |TAMS 0x00000000a2500000, 0x00000000a2400000| Untracked 
|  37|0x00000000a2500000, 0x00000000a2600000, 0x00000000a2600000|100%| O|  |TAMS 0x00000000a2600000, 0x00000000a2500000| Untracked 
|  38|0x00000000a2600000, 0x00000000a2700000, 0x00000000a2700000|100%| O|  |TAMS 0x00000000a2700000, 0x00000000a2600000| Untracked 
|  39|0x00000000a2700000, 0x00000000a2800000, 0x00000000a2800000|100%| O|  |TAMS 0x00000000a2800000, 0x00000000a2700000| Untracked 
|  40|0x00000000a2800000, 0x00000000a2900000, 0x00000000a2900000|100%| O|  |TAMS 0x00000000a2900000, 0x00000000a2800000| Untracked 
|  41|0x00000000a2900000, 0x00000000a2a00000, 0x00000000a2a00000|100%| O|  |TAMS 0x00000000a2a00000, 0x00000000a2900000| Untracked 
|  42|0x00000000a2a00000, 0x00000000a2b00000, 0x00000000a2b00000|100%| O|  |TAMS 0x00000000a2b00000, 0x00000000a2a00000| Untracked 
|  43|0x00000000a2b00000, 0x00000000a2c00000, 0x00000000a2c00000|100%| O|  |TAMS 0x00000000a2c00000, 0x00000000a2b00000| Untracked 
|  44|0x00000000a2c00000, 0x00000000a2d00000, 0x00000000a2d00000|100%| O|  |TAMS 0x00000000a2d00000, 0x00000000a2c00000| Untracked 
|  45|0x00000000a2d00000, 0x00000000a2e00000, 0x00000000a2e00000|100%| O|  |TAMS 0x00000000a2e00000, 0x00000000a2d00000| Untracked 
|  46|0x00000000a2e00000, 0x00000000a2f00000, 0x00000000a2f00000|100%| O|  |TAMS 0x00000000a2f00000, 0x00000000a2e00000| Untracked 
|  47|0x00000000a2f00000, 0x00000000a3000000, 0x00000000a3000000|100%| O|  |TAMS 0x00000000a3000000, 0x00000000a2f00000| Untracked 
|  48|0x00000000a3000000, 0x00000000a3100000, 0x00000000a3100000|100%| O|  |TAMS 0x00000000a3100000, 0x00000000a3000000| Untracked 
|  49|0x00000000a3100000, 0x00000000a3200000, 0x00000000a3200000|100%| O|  |TAMS 0x00000000a3200000, 0x00000000a3100000| Untracked 
|  50|0x00000000a3200000, 0x00000000a3300000, 0x00000000a3300000|100%| O|  |TAMS 0x00000000a3300000, 0x00000000a3200000| Untracked 
|  51|0x00000000a3300000, 0x00000000a3400000, 0x00000000a3400000|100%| O|  |TAMS 0x00000000a3400000, 0x00000000a3300000| Untracked 
|  52|0x00000000a3400000, 0x00000000a3500000, 0x00000000a3500000|100%| O|  |TAMS 0x00000000a3500000, 0x00000000a3400000| Untracked 
|  53|0x00000000a3500000, 0x00000000a3600000, 0x00000000a3600000|100%| O|  |TAMS 0x00000000a3600000, 0x00000000a3500000| Untracked 
|  54|0x00000000a3600000, 0x00000000a3700000, 0x00000000a3700000|100%| O|  |TAMS 0x00000000a3700000, 0x00000000a3600000| Untracked 
|  55|0x00000000a3700000, 0x00000000a3800000, 0x00000000a3800000|100%| O|  |TAMS 0x00000000a3800000, 0x00000000a3700000| Untracked 
|  56|0x00000000a3800000, 0x00000000a3900000, 0x00000000a3900000|100%| O|  |TAMS 0x00000000a3900000, 0x00000000a3800000| Untracked 
|  57|0x00000000a3900000, 0x00000000a3a00000, 0x00000000a3a00000|100%| O|  |TAMS 0x00000000a3a00000, 0x00000000a3900000| Untracked 
|  58|0x00000000a3a00000, 0x00000000a3b00000, 0x00000000a3b00000|100%| O|  |TAMS 0x00000000a3b00000, 0x00000000a3a00000| Untracked 
|  59|0x00000000a3b00000, 0x00000000a3c00000, 0x00000000a3c00000|100%| O|  |TAMS 0x00000000a3c00000, 0x00000000a3b00000| Untracked 
|  60|0x00000000a3c00000, 0x00000000a3d00000, 0x00000000a3d00000|100%| O|  |TAMS 0x00000000a3d00000, 0x00000000a3c00000| Untracked 
|  61|0x00000000a3d00000, 0x00000000a3e00000, 0x00000000a3e00000|100%| O|  |TAMS 0x00000000a3e00000, 0x00000000a3d00000| Untracked 
|  62|0x00000000a3e00000, 0x00000000a3f00000, 0x00000000a3f00000|100%| O|  |TAMS 0x00000000a3f00000, 0x00000000a3e00000| Untracked 
|  63|0x00000000a3f00000, 0x00000000a4000000, 0x00000000a4000000|100%| O|  |TAMS 0x00000000a4000000, 0x00000000a3f00000| Untracked 
|  64|0x00000000a4000000, 0x00000000a4100000, 0x00000000a4100000|100%| O|  |TAMS 0x00000000a4100000, 0x00000000a4000000| Untracked 
|  65|0x00000000a4100000, 0x00000000a4200000, 0x00000000a4200000|100%| O|  |TAMS 0x00000000a4200000, 0x00000000a4100000| Untracked 
|  66|0x00000000a4200000, 0x00000000a4300000, 0x00000000a4300000|100%| O|  |TAMS 0x00000000a4300000, 0x00000000a4200000| Untracked 
|  67|0x00000000a4300000, 0x00000000a4400000, 0x00000000a4400000|100%| O|  |TAMS 0x00000000a4400000, 0x00000000a4300000| Untracked 
|  68|0x00000000a4400000, 0x00000000a4500000, 0x00000000a4500000|100%| O|  |TAMS 0x00000000a4500000, 0x00000000a4400000| Untracked 
|  69|0x00000000a4500000, 0x00000000a4600000, 0x00000000a4600000|100%| O|  |TAMS 0x00000000a4600000, 0x00000000a4500000| Untracked 
|  70|0x00000000a4600000, 0x00000000a4700000, 0x00000000a4700000|100%| O|  |TAMS 0x00000000a4700000, 0x00000000a4600000| Untracked 
|  71|0x00000000a4700000, 0x00000000a4800000, 0x00000000a4800000|100%| O|  |TAMS 0x00000000a4800000, 0x00000000a4700000| Untracked 
|  72|0x00000000a4800000, 0x00000000a4900000, 0x00000000a4900000|100%| O|  |TAMS 0x00000000a4900000, 0x00000000a4800000| Untracked 
|  73|0x00000000a4900000, 0x00000000a4a00000, 0x00000000a4a00000|100%| O|  |TAMS 0x00000000a4a00000, 0x00000000a4900000| Untracked 
|  74|0x00000000a4a00000, 0x00000000a4b00000, 0x00000000a4b00000|100%| O|  |TAMS 0x00000000a4b00000, 0x00000000a4a00000| Untracked 
|  75|0x00000000a4b00000, 0x00000000a4c00000, 0x00000000a4c00000|100%| O|  |TAMS 0x00000000a4c00000, 0x00000000a4b00000| Untracked 
|  76|0x00000000a4c00000, 0x00000000a4d00000, 0x00000000a4d00000|100%| O|  |TAMS 0x00000000a4d00000, 0x00000000a4c00000| Untracked 
|  77|0x00000000a4d00000, 0x00000000a4e00000, 0x00000000a4e00000|100%| O|  |TAMS 0x00000000a4e00000, 0x00000000a4d00000| Untracked 
|  78|0x00000000a4e00000, 0x00000000a4f00000, 0x00000000a4f00000|100%| O|  |TAMS 0x00000000a4f00000, 0x00000000a4e00000| Untracked 
|  79|0x00000000a4f00000, 0x00000000a5000000, 0x00000000a5000000|100%| O|  |TAMS 0x00000000a5000000, 0x00000000a4f00000| Untracked 
|  80|0x00000000a5000000, 0x00000000a50f1800, 0x00000000a5100000| 94%| O|  |TAMS 0x00000000a50f1800, 0x00000000a5000000| Untracked 
|  81|0x00000000a5100000, 0x00000000a5100000, 0x00000000a5200000|  0%| F|  |TAMS 0x00000000a5100000, 0x00000000a5100000| Untracked 
|  82|0x00000000a5200000, 0x00000000a5200000, 0x00000000a5300000|  0%| F|  |TAMS 0x00000000a5200000, 0x00000000a5200000| Untracked 
|  83|0x00000000a5300000, 0x00000000a5300000, 0x00000000a5400000|  0%| F|  |TAMS 0x00000000a5300000, 0x00000000a5300000| Untracked 
|  84|0x00000000a5400000, 0x00000000a5400000, 0x00000000a5500000|  0%| F|  |TAMS 0x00000000a5400000, 0x00000000a5400000| Untracked 
|  85|0x00000000a5500000, 0x00000000a5500000, 0x00000000a5600000|  0%| F|  |TAMS 0x00000000a5500000, 0x00000000a5500000| Untracked 
|  86|0x00000000a5600000, 0x00000000a5600000, 0x00000000a5700000|  0%| F|  |TAMS 0x00000000a5600000, 0x00000000a5600000| Untracked 
|  87|0x00000000a5700000, 0x00000000a5700000, 0x00000000a5800000|  0%| F|  |TAMS 0x00000000a5700000, 0x00000000a5700000| Untracked 
|  88|0x00000000a5800000, 0x00000000a5800000, 0x00000000a5900000|  0%| F|  |TAMS 0x00000000a5800000, 0x00000000a5800000| Untracked 
|  89|0x00000000a5900000, 0x00000000a5900000, 0x00000000a5a00000|  0%| F|  |TAMS 0x00000000a5900000, 0x00000000a5900000| Untracked 
|  90|0x00000000a5a00000, 0x00000000a5a00000, 0x00000000a5b00000|  0%| F|  |TAMS 0x00000000a5a00000, 0x00000000a5a00000| Untracked 
|  91|0x00000000a5b00000, 0x00000000a5b00000, 0x00000000a5c00000|  0%| F|  |TAMS 0x00000000a5b00000, 0x00000000a5b00000| Untracked 
|  92|0x00000000a5c00000, 0x00000000a5c00000, 0x00000000a5d00000|  0%| F|  |TAMS 0x00000000a5c00000, 0x00000000a5c00000| Untracked 
|  93|0x00000000a5d00000, 0x00000000a5d00000, 0x00000000a5e00000|  0%| F|  |TAMS 0x00000000a5d00000, 0x00000000a5d00000| Untracked 
|  94|0x00000000a5e00000, 0x00000000a5e00000, 0x00000000a5f00000|  0%| F|  |TAMS 0x00000000a5e00000, 0x00000000a5e00000| Untracked 
|  95|0x00000000a5f00000, 0x00000000a5f00000, 0x00000000a6000000|  0%| F|  |TAMS 0x00000000a5f00000, 0x00000000a5f00000| Untracked 
|  96|0x00000000a6000000, 0x00000000a6000000, 0x00000000a6100000|  0%| F|  |TAMS 0x00000000a6000000, 0x00000000a6000000| Untracked 
|  97|0x00000000a6100000, 0x00000000a6100000, 0x00000000a6200000|  0%| F|  |TAMS 0x00000000a6100000, 0x00000000a6100000| Untracked 
|  98|0x00000000a6200000, 0x00000000a6200000, 0x00000000a6300000|  0%| F|  |TAMS 0x00000000a6200000, 0x00000000a6200000| Untracked 
|  99|0x00000000a6300000, 0x00000000a6300000, 0x00000000a6400000|  0%| F|  |TAMS 0x00000000a6300000, 0x00000000a6300000| Untracked 
| 100|0x00000000a6400000, 0x00000000a6400000, 0x00000000a6500000|  0%| F|  |TAMS 0x00000000a6400000, 0x00000000a6400000| Untracked 
| 101|0x00000000a6500000, 0x00000000a6500000, 0x00000000a6600000|  0%| F|  |TAMS 0x00000000a6500000, 0x00000000a6500000| Untracked 
| 102|0x00000000a6600000, 0x00000000a6600000, 0x00000000a6700000|  0%| F|  |TAMS 0x00000000a6600000, 0x00000000a6600000| Untracked 
| 103|0x00000000a6700000, 0x00000000a6700000, 0x00000000a6800000|  0%| F|  |TAMS 0x00000000a6700000, 0x00000000a6700000| Untracked 
| 104|0x00000000a6800000, 0x00000000a6800000, 0x00000000a6900000|  0%| F|  |TAMS 0x00000000a6800000, 0x00000000a6800000| Untracked 
| 105|0x00000000a6900000, 0x00000000a697c390, 0x00000000a6a00000| 48%| S|CS|TAMS 0x00000000a6900000, 0x00000000a6900000| Complete 
| 106|0x00000000a6a00000, 0x00000000a6b00000, 0x00000000a6b00000|100%| S|CS|TAMS 0x00000000a6a00000, 0x00000000a6a00000| Complete 
| 107|0x00000000a6b00000, 0x00000000a6c00000, 0x00000000a6c00000|100%| S|CS|TAMS 0x00000000a6b00000, 0x00000000a6b00000| Complete 
| 108|0x00000000a6c00000, 0x00000000a6d00000, 0x00000000a6d00000|100%| S|CS|TAMS 0x00000000a6c00000, 0x00000000a6c00000| Complete 
| 109|0x00000000a6d00000, 0x00000000a6e00000, 0x00000000a6e00000|100%| S|CS|TAMS 0x00000000a6d00000, 0x00000000a6d00000| Complete 
| 110|0x00000000a6e00000, 0x00000000a6e00000, 0x00000000a6f00000|  0%| F|  |TAMS 0x00000000a6e00000, 0x00000000a6e00000| Untracked 
| 111|0x00000000a6f00000, 0x00000000a6f00000, 0x00000000a7000000|  0%| F|  |TAMS 0x00000000a6f00000, 0x00000000a6f00000| Untracked 
| 112|0x00000000a7000000, 0x00000000a7000000, 0x00000000a7100000|  0%| F|  |TAMS 0x00000000a7000000, 0x00000000a7000000| Untracked 
| 113|0x00000000a7100000, 0x00000000a7200000, 0x00000000a7200000|100%| S|CS|TAMS 0x00000000a7100000, 0x00000000a7100000| Complete 
| 114|0x00000000a7200000, 0x00000000a7200000, 0x00000000a7300000|  0%| F|  |TAMS 0x00000000a7200000, 0x00000000a7200000| Untracked 
| 115|0x00000000a7300000, 0x00000000a7300000, 0x00000000a7400000|  0%| F|  |TAMS 0x00000000a7300000, 0x00000000a7300000| Untracked 
| 116|0x00000000a7400000, 0x00000000a7400000, 0x00000000a7500000|  0%| F|  |TAMS 0x00000000a7400000, 0x00000000a7400000| Untracked 
| 117|0x00000000a7500000, 0x00000000a7500000, 0x00000000a7600000|  0%| F|  |TAMS 0x00000000a7500000, 0x00000000a7500000| Untracked 
| 118|0x00000000a7600000, 0x00000000a7600000, 0x00000000a7700000|  0%| F|  |TAMS 0x00000000a7600000, 0x00000000a7600000| Untracked 
| 119|0x00000000a7700000, 0x00000000a7700000, 0x00000000a7800000|  0%| F|  |TAMS 0x00000000a7700000, 0x00000000a7700000| Untracked 
| 120|0x00000000a7800000, 0x00000000a7800000, 0x00000000a7900000|  0%| F|  |TAMS 0x00000000a7800000, 0x00000000a7800000| Untracked 
| 121|0x00000000a7900000, 0x00000000a7900000, 0x00000000a7a00000|  0%| F|  |TAMS 0x00000000a7900000, 0x00000000a7900000| Untracked 
| 122|0x00000000a7a00000, 0x00000000a7a00000, 0x00000000a7b00000|  0%| F|  |TAMS 0x00000000a7a00000, 0x00000000a7a00000| Untracked 
| 123|0x00000000a7b00000, 0x00000000a7b00000, 0x00000000a7c00000|  0%| F|  |TAMS 0x00000000a7b00000, 0x00000000a7b00000| Untracked 
| 124|0x00000000a7c00000, 0x00000000a7c00000, 0x00000000a7d00000|  0%| F|  |TAMS 0x00000000a7c00000, 0x00000000a7c00000| Untracked 
| 125|0x00000000a7d00000, 0x00000000a7d00000, 0x00000000a7e00000|  0%| F|  |TAMS 0x00000000a7d00000, 0x00000000a7d00000| Untracked 
| 126|0x00000000a7e00000, 0x00000000a7e00000, 0x00000000a7f00000|  0%| F|  |TAMS 0x00000000a7e00000, 0x00000000a7e00000| Untracked 
| 127|0x00000000a7f00000, 0x00000000a7f00000, 0x00000000a8000000|  0%| F|  |TAMS 0x00000000a7f00000, 0x00000000a7f00000| Untracked 
| 128|0x00000000a8000000, 0x00000000a80bbd88, 0x00000000a8100000| 73%| E|  |TAMS 0x00000000a8000000, 0x00000000a8000000| Complete 
| 129|0x00000000a8100000, 0x00000000a8200000, 0x00000000a8200000|100%| E|CS|TAMS 0x00000000a8100000, 0x00000000a8100000| Complete 
| 130|0x00000000a8200000, 0x00000000a8300000, 0x00000000a8300000|100%| E|CS|TAMS 0x00000000a8200000, 0x00000000a8200000| Complete 
| 131|0x00000000a8300000, 0x00000000a8400000, 0x00000000a8400000|100%| E|CS|TAMS 0x00000000a8300000, 0x00000000a8300000| Complete 
| 132|0x00000000a8400000, 0x00000000a8500000, 0x00000000a8500000|100%| E|CS|TAMS 0x00000000a8400000, 0x00000000a8400000| Complete 
| 133|0x00000000a8500000, 0x00000000a8600000, 0x00000000a8600000|100%| E|CS|TAMS 0x00000000a8500000, 0x00000000a8500000| Complete 
| 134|0x00000000a8600000, 0x00000000a8700000, 0x00000000a8700000|100%| E|CS|TAMS 0x00000000a8600000, 0x00000000a8600000| Complete 
| 135|0x00000000a8700000, 0x00000000a8800000, 0x00000000a8800000|100%| E|CS|TAMS 0x00000000a8700000, 0x00000000a8700000| Complete 
| 136|0x00000000a8800000, 0x00000000a8900000, 0x00000000a8900000|100%| E|CS|TAMS 0x00000000a8800000, 0x00000000a8800000| Complete 
| 137|0x00000000a8900000, 0x00000000a8a00000, 0x00000000a8a00000|100%| E|CS|TAMS 0x00000000a8900000, 0x00000000a8900000| Complete 
| 138|0x00000000a8a00000, 0x00000000a8b00000, 0x00000000a8b00000|100%| E|CS|TAMS 0x00000000a8a00000, 0x00000000a8a00000| Complete 
| 139|0x00000000a8b00000, 0x00000000a8c00000, 0x00000000a8c00000|100%| E|CS|TAMS 0x00000000a8b00000, 0x00000000a8b00000| Complete 
| 140|0x00000000a8c00000, 0x00000000a8d00000, 0x00000000a8d00000|100%| E|CS|TAMS 0x00000000a8c00000, 0x00000000a8c00000| Complete 
| 141|0x00000000a8d00000, 0x00000000a8e00000, 0x00000000a8e00000|100%| E|CS|TAMS 0x00000000a8d00000, 0x00000000a8d00000| Complete 
| 142|0x00000000a8e00000, 0x00000000a8f00000, 0x00000000a8f00000|100%| E|CS|TAMS 0x00000000a8e00000, 0x00000000a8e00000| Complete 
| 143|0x00000000a8f00000, 0x00000000a9000000, 0x00000000a9000000|100%| E|CS|TAMS 0x00000000a8f00000, 0x00000000a8f00000| Complete 
| 144|0x00000000a9000000, 0x00000000a9100000, 0x00000000a9100000|100%| E|CS|TAMS 0x00000000a9000000, 0x00000000a9000000| Complete 
| 145|0x00000000a9100000, 0x00000000a9200000, 0x00000000a9200000|100%| E|CS|TAMS 0x00000000a9100000, 0x00000000a9100000| Complete 
| 146|0x00000000a9200000, 0x00000000a9300000, 0x00000000a9300000|100%| E|CS|TAMS 0x00000000a9200000, 0x00000000a9200000| Complete 
| 147|0x00000000a9300000, 0x00000000a9400000, 0x00000000a9400000|100%| E|CS|TAMS 0x00000000a9300000, 0x00000000a9300000| Complete 
| 148|0x00000000a9400000, 0x00000000a9500000, 0x00000000a9500000|100%| E|CS|TAMS 0x00000000a9400000, 0x00000000a9400000| Complete 
| 149|0x00000000a9500000, 0x00000000a9600000, 0x00000000a9600000|100%| E|CS|TAMS 0x00000000a9500000, 0x00000000a9500000| Complete 
| 150|0x00000000a9600000, 0x00000000a9700000, 0x00000000a9700000|100%| E|CS|TAMS 0x00000000a9600000, 0x00000000a9600000| Complete 
| 151|0x00000000a9700000, 0x00000000a9800000, 0x00000000a9800000|100%| E|CS|TAMS 0x00000000a9700000, 0x00000000a9700000| Complete 

Card table byte_map: [0x000001e6f7720000,0x000001e6f7a20000] _byte_map_base: 0x000001e6f7220000

Marking Bits (Prev, Next): (CMBitMap*) 0x000001e6f362b498, (CMBitMap*) 0x000001e6f362b4d0
 Prev Bits: [0x000001e6f7d20000, 0x000001e6f9520000)
 Next Bits: [0x000001e6f9520000, 0x000001e6fad20000)

Polling page: 0x000001e6f2dd0000

Metaspace:

Usage:
  Non-class:     81.83 MB capacity,    80.15 MB ( 98%) used,     1.41 MB (  2%) free+waste,   278.56 KB ( <1%) overhead. 
      Class:     13.44 MB capacity,    12.39 MB ( 92%) used,   943.85 KB (  7%) free+waste,   131.81 KB ( <1%) overhead. 
       Both:     95.27 MB capacity,    92.53 MB ( 97%) used,     2.33 MB (  2%) free+waste,   410.38 KB ( <1%) overhead. 

Virtual space:
  Non-class space:       82.00 MB reserved,      81.88 MB (>99%) committed 
      Class space:        1.00 GB reserved,      13.45 MB (  1%) committed 
             Both:        1.08 GB reserved,      95.33 MB (  9%) committed 

Chunk freelists:
   Non-Class:  49.00 KB
       Class:  2.00 KB
        Both:  51.00 KB

MaxMetaspaceSize: 17179869184.00 GB
CompressedClassSpaceSize: 1.00 GB

CodeHeap 'non-profiled nmethods': size=120000Kb used=6824Kb max_used=6824Kb free=113175Kb
 bounds [0x000001e687ad0000, 0x000001e688180000, 0x000001e68f000000]
CodeHeap 'profiled nmethods': size=120000Kb used=21366Kb max_used=21366Kb free=98634Kb
 bounds [0x000001e6805a0000, 0x000001e681a80000, 0x000001e687ad0000]
CodeHeap 'non-nmethods': size=5760Kb used=2305Kb max_used=2372Kb free=3454Kb
 bounds [0x000001e680000000, 0x000001e680270000, 0x000001e6805a0000]
 total_blobs=10719 nmethods=9802 adapters=828
 compilation: enabled
              stopped_count=0, restarted_count=0
 full_count=0

Compilation events (20 events):
Event: 16.917 Thread 0x000001e6fd797000 nmethod 9821 0x000001e681a7a790 code [0x000001e681a7a960, 0x000001e681a7abc8]
Event: 16.917 Thread 0x000001e6fd797000 9825       3       org.gradle.internal.io.LineBufferingOutputStream::write (59 bytes)
Event: 16.918 Thread 0x000001e6fe0f2800 nmethod 9823 0x000001e688176f90 code [0x000001e688177120, 0x000001e6881771b8]
Event: 16.918 Thread 0x000001e6fe0f2800 9824       4       org.gradle.internal.logging.text.AbstractLineChoppingStyledTextOutput::doAppend (43 bytes)
Event: 16.918 Thread 0x000001e6fd797000 nmethod 9825 0x000001e681a7ac90 code [0x000001e681a7af60, 0x000001e681a7bd38]
Event: 16.918 Thread 0x000001e6fd797000 9829       3       org.gradle.internal.io.StreamByteBuffer$StreamByteBufferOutputStream::write (22 bytes)
Event: 16.919 Thread 0x000001e6fd797000 nmethod 9829 0x000001e681a7c290 code [0x000001e681a7c460, 0x000001e681a7c6c8]
Event: 16.919 Thread 0x000001e6fd797000 9830       3       org.gradle.internal.io.StreamByteBuffer$StreamByteBufferChunk::write (32 bytes)
Event: 16.919 Thread 0x000001e6fd797000 nmethod 9830 0x000001e681a7c890 code [0x000001e681a7ca40, 0x000001e681a7cbd8]
Event: 16.919 Thread 0x000001e6fd797000 9831       3       org.gradle.internal.io.LineBufferingOutputStream::endsWithLineSeparator (27 bytes)
Event: 16.919 Thread 0x000001e6fd797000 nmethod 9831 0x000001e681a7cc90 code [0x000001e681a7ce40, 0x000001e681a7cfd8]
Event: 16.919 Thread 0x000001e6fd797000 9828       3       sun.nio.cs.SingleByte::withResult (25 bytes)
Event: 16.919 Thread 0x000001e6fd797000 nmethod 9828 0x000001e681a7d090 code [0x000001e681a7d280, 0x000001e681a7d698]
Event: 16.919 Thread 0x000001e6fd797000 9822       1       org.gradle.internal.logging.events.RenderableOutputEvent::getBuildOperationId (5 bytes)
Event: 16.919 Thread 0x000001e6fd797000 nmethod 9822 0x000001e688177290 code [0x000001e688177440, 0x000001e6881774f8]
Event: 16.924 Thread 0x000001e695132800 nmethod 9820 0x000001e688177590 code [0x000001e6881777a0, 0x000001e688177f70]
Event: 16.924 Thread 0x000001e695132800 9826       4       org.gradle.internal.logging.text.AbstractLineChoppingStyledTextOutput$1::execute (140 bytes)
Event: 16.931 Thread 0x000001e695132800 nmethod 9826 0x000001e688178590 code [0x000001e6881787a0, 0x000001e688178f30]
Event: 16.931 Thread 0x000001e695132800 9827       4       org.gradle.internal.logging.text.AbstractLineChoppingStyledTextOutput$2::execute (77 bytes)
Event: 16.937 Thread 0x000001e695132800 nmethod 9827 0x000001e688179510 code [0x000001e688179720, 0x000001e688179d10]

GC Heap History (20 events):
Event: 11.909 GC heap before
{Heap before GC invocations=24 (full 0):
 garbage-first heap   total 129024K, used 92930K [0x00000000a0000000, 0x0000000100000000)
  region size 1024K, 28 young (28672K), 3 survivors (3072K)
 Metaspace       used 77455K, capacity 79647K, committed 79824K, reserved 1118208K
  class space    used 10167K, capacity 11018K, committed 11084K, reserved 1048576K
}
Event: 11.912 GC heap after
{Heap after GC invocations=25 (full 0):
 garbage-first heap   total 129024K, used 66248K [0x00000000a0000000, 0x0000000100000000)
  region size 1024K, 3 young (3072K), 3 survivors (3072K)
 Metaspace       used 77455K, capacity 79647K, committed 79824K, reserved 1118208K
  class space    used 10167K, capacity 11018K, committed 11084K, reserved 1048576K
}
Event: 12.136 GC heap before
{Heap before GC invocations=25 (full 0):
 garbage-first heap   total 129024K, used 95944K [0x00000000a0000000, 0x0000000100000000)
  region size 1024K, 32 young (32768K), 3 survivors (3072K)
 Metaspace       used 78685K, capacity 80906K, committed 80976K, reserved 1120256K
  class space    used 10336K, capacity 11164K, committed 11212K, reserved 1048576K
}
Event: 12.144 GC heap after
{Heap after GC invocations=26 (full 0):
 garbage-first heap   total 129024K, used 68867K [0x00000000a0000000, 0x0000000100000000)
  region size 1024K, 4 young (4096K), 4 survivors (4096K)
 Metaspace       used 78685K, capacity 80906K, committed 80976K, reserved 1120256K
  class space    used 10336K, capacity 11164K, committed 11212K, reserved 1048576K
}
Event: 12.374 GC heap before
{Heap before GC invocations=27 (full 0):
 garbage-first heap   total 129024K, used 98563K [0x00000000a0000000, 0x0000000100000000)
  region size 1024K, 33 young (33792K), 4 survivors (4096K)
 Metaspace       used 79013K, capacity 81479K, committed 81616K, reserved 1120256K
  class space    used 10399K, capacity 11288K, committed 11340K, reserved 1048576K
}
Event: 12.380 GC heap after
{Heap after GC invocations=28 (full 0):
 garbage-first heap   total 129024K, used 70280K [0x00000000a0000000, 0x0000000100000000)
  region size 1024K, 4 young (4096K), 4 survivors (4096K)
 Metaspace       used 79013K, capacity 81479K, committed 81616K, reserved 1120256K
  class space    used 10399K, capacity 11288K, committed 11340K, reserved 1048576K
}
Event: 12.585 GC heap before
{Heap before GC invocations=28 (full 0):
 garbage-first heap   total 129024K, used 101000K [0x00000000a0000000, 0x0000000100000000)
  region size 1024K, 34 young (34816K), 4 survivors (4096K)
 Metaspace       used 79128K, capacity 81571K, committed 81616K, reserved 1120256K
  class space    used 10411K, capacity 11295K, committed 11340K, reserved 1048576K
}
Event: 12.593 GC heap after
{Heap after GC invocations=29 (full 0):
 garbage-first heap   total 129024K, used 71959K [0x00000000a0000000, 0x0000000100000000)
  region size 1024K, 4 young (4096K), 4 survivors (4096K)
 Metaspace       used 79128K, capacity 81571K, committed 81616K, reserved 1120256K
  class space    used 10411K, capacity 11295K, committed 11340K, reserved 1048576K
}
Event: 12.883 GC heap before
{Heap before GC invocations=30 (full 0):
 garbage-first heap   total 129024K, used 101655K [0x00000000a0000000, 0x0000000100000000)
  region size 1024K, 33 young (33792K), 4 survivors (4096K)
 Metaspace       used 79531K, capacity 82062K, committed 82256K, reserved 1120256K
  class space    used 10454K, capacity 11415K, committed 11468K, reserved 1048576K
}
Event: 12.887 GC heap after
{Heap after GC invocations=31 (full 0):
 garbage-first heap   total 129024K, used 74391K [0x00000000a0000000, 0x0000000100000000)
  region size 1024K, 4 young (4096K), 4 survivors (4096K)
 Metaspace       used 79531K, capacity 82062K, committed 82256K, reserved 1120256K
  class space    used 10454K, capacity 11415K, committed 11468K, reserved 1048576K
}
Event: 14.363 GC heap before
{Heap before GC invocations=31 (full 0):
 garbage-first heap   total 129024K, used 104087K [0x00000000a0000000, 0x0000000100000000)
  region size 1024K, 33 young (33792K), 4 survivors (4096K)
 Metaspace       used 82432K, capacity 84918K, committed 84944K, reserved 1122304K
  class space    used 10912K, capacity 11834K, committed 11852K, reserved 1048576K
}
Event: 14.369 GC heap after
{Heap after GC invocations=32 (full 0):
 garbage-first heap   total 155648K, used 76196K [0x00000000a0000000, 0x0000000100000000)
  region size 1024K, 5 young (5120K), 5 survivors (5120K)
 Metaspace       used 82432K, capacity 84918K, committed 84944K, reserved 1122304K
  class space    used 10912K, capacity 11834K, committed 11852K, reserved 1048576K
}
Event: 14.723 GC heap before
{Heap before GC invocations=33 (full 0):
 garbage-first heap   total 155648K, used 116132K [0x00000000a0000000, 0x0000000100000000)
  region size 1024K, 44 young (45056K), 5 survivors (5120K)
 Metaspace       used 85840K, capacity 88344K, committed 88656K, reserved 1126400K
  class space    used 11454K, capacity 12391K, committed 12492K, reserved 1048576K
}
Event: 14.728 GC heap after
{Heap after GC invocations=34 (full 0):
 garbage-first heap   total 155648K, used 78873K [0x00000000a0000000, 0x0000000100000000)
  region size 1024K, 5 young (5120K), 5 survivors (5120K)
 Metaspace       used 85840K, capacity 88344K, committed 88656K, reserved 1126400K
  class space    used 11454K, capacity 12391K, committed 12492K, reserved 1048576K
}
Event: 14.959 GC heap before
{Heap before GC invocations=34 (full 0):
 garbage-first heap   total 155648K, used 118809K [0x00000000a0000000, 0x0000000100000000)
  region size 1024K, 44 young (45056K), 5 survivors (5120K)
 Metaspace       used 86471K, capacity 89080K, committed 89296K, reserved 1126400K
  class space    used 11553K, capacity 12543K, committed 12620K, reserved 1048576K
}
Event: 14.968 GC heap after
{Heap after GC invocations=35 (full 0):
 garbage-first heap   total 155648K, used 82672K [0x00000000a0000000, 0x0000000100000000)
  region size 1024K, 6 young (6144K), 6 survivors (6144K)
 Metaspace       used 86471K, capacity 89080K, committed 89296K, reserved 1126400K
  class space    used 11553K, capacity 12543K, committed 12620K, reserved 1048576K
}
Event: 15.424 GC heap before
{Heap before GC invocations=36 (full 0):
 garbage-first heap   total 155648K, used 122608K [0x00000000a0000000, 0x0000000100000000)
  region size 1024K, 45 young (46080K), 6 survivors (6144K)
 Metaspace       used 90081K, capacity 92721K, committed 93008K, reserved 1128448K
  class space    used 12117K, capacity 13126K, committed 13260K, reserved 1048576K
}
Event: 15.430 GC heap after
{Heap after GC invocations=37 (full 0):
 garbage-first heap   total 155648K, used 85482K [0x00000000a0000000, 0x0000000100000000)
  region size 1024K, 3 young (3072K), 3 survivors (3072K)
 Metaspace       used 90081K, capacity 92721K, committed 93008K, reserved 1128448K
  class space    used 12117K, capacity 13126K, committed 13260K, reserved 1048576K
}
Event: 15.876 GC heap before
{Heap before GC invocations=37 (full 0):
 garbage-first heap   total 155648K, used 124394K [0x00000000a0000000, 0x0000000100000000)
  region size 1024K, 41 young (41984K), 3 survivors (3072K)
 Metaspace       used 93553K, capacity 96325K, committed 96464K, reserved 1132544K
  class space    used 12526K, capacity 13609K, committed 13644K, reserved 1048576K
}
Event: 15.883 GC heap after
{Heap after GC invocations=38 (full 0):
 garbage-first heap   total 155648K, used 88502K [0x00000000a0000000, 0x0000000100000000)
  region size 1024K, 6 young (6144K), 6 survivors (6144K)
 Metaspace       used 93553K, capacity 96325K, committed 96464K, reserved 1132544K
  class space    used 12526K, capacity 13609K, committed 13644K, reserved 1048576K
}

Deoptimization events (20 events):
Event: 16.917 Thread 0x000001e6945e1000 Uncommon trap: trap_request=0xffffff4d fr.pc=0x000001e6880e6ee8 relative=0x00000000000000a8
Event: 16.917 Thread 0x000001e6945e1000 Uncommon trap: reason=unstable_if action=reinterpret pc=0x000001e6880e6ee8 method=org.gradle.internal.operations.logging.LoggingBuildOperationProgressBroadcaster.onOutput(Lorg/gradle/internal/logging/events/OutputEvent;)V @ 4 c2
Event: 16.917 Thread 0x000001e6945e1000 DEOPT PACKING pc=0x000001e6880e6ee8 sp=0x0000005ce92fecb0
Event: 16.917 Thread 0x000001e6945e1000 DEOPT UNPACKING pc=0x000001e6800278af sp=0x0000005ce92fec40 mode 2
Event: 16.917 Thread 0x000001e6945e1000 Uncommon trap: trap_request=0xffffffc6 fr.pc=0x000001e6880e9fd8 relative=0x0000000000000438
Event: 16.917 Thread 0x000001e6945e1000 Uncommon trap: reason=bimorphic_or_optimized_type_check action=maybe_recompile pc=0x000001e6880e9fd8 method=org.gradle.internal.logging.sink.OutputEventRenderer.onOutput(Lorg/gradle/internal/logging/events/OutputEvent;)V @ 1 c2
Event: 16.917 Thread 0x000001e6945e1000 DEOPT PACKING pc=0x000001e6880e9fd8 sp=0x0000005ce92fece0
Event: 16.917 Thread 0x000001e6945e1000 DEOPT UNPACKING pc=0x000001e6800278af sp=0x0000005ce92fec48 mode 2
Event: 16.917 Thread 0x000001e6945e1000 Uncommon trap: trap_request=0xffffffc6 fr.pc=0x000001e6880e9fd8 relative=0x0000000000000438
Event: 16.917 Thread 0x000001e6945e1000 Uncommon trap: reason=bimorphic_or_optimized_type_check action=maybe_recompile pc=0x000001e6880e9fd8 method=org.gradle.internal.logging.sink.OutputEventRenderer.onOutput(Lorg/gradle/internal/logging/events/OutputEvent;)V @ 1 c2
Event: 16.917 Thread 0x000001e6945e1000 DEOPT PACKING pc=0x000001e6880e9fd8 sp=0x0000005ce92fece0
Event: 16.917 Thread 0x000001e6945e1000 DEOPT UNPACKING pc=0x000001e6800278af sp=0x0000005ce92fec48 mode 2
Event: 16.917 Thread 0x000001e6945e1000 Uncommon trap: trap_request=0xffffffc6 fr.pc=0x000001e6880e9fd8 relative=0x0000000000000438
Event: 16.917 Thread 0x000001e6945e1000 Uncommon trap: reason=bimorphic_or_optimized_type_check action=maybe_recompile pc=0x000001e6880e9fd8 method=org.gradle.internal.logging.sink.OutputEventRenderer.onOutput(Lorg/gradle/internal/logging/events/OutputEvent;)V @ 1 c2
Event: 16.917 Thread 0x000001e6945e1000 DEOPT PACKING pc=0x000001e6880e9fd8 sp=0x0000005ce92fece0
Event: 16.917 Thread 0x000001e6945e1000 DEOPT UNPACKING pc=0x000001e6800278af sp=0x0000005ce92fec48 mode 2
Event: 16.918 Thread 0x000001e6945e1000 Uncommon trap: trap_request=0xffffffc6 fr.pc=0x000001e6880cfea4 relative=0x0000000000000324
Event: 16.918 Thread 0x000001e6945e1000 Uncommon trap: reason=bimorphic_or_optimized_type_check action=maybe_recompile pc=0x000001e6880cfea4 method=org.gradle.internal.logging.sink.OutputEventRenderer.onOutput(Lorg/gradle/internal/logging/events/OutputEvent;)V @ 1 c2
Event: 16.918 Thread 0x000001e6945e1000 DEOPT PACKING pc=0x000001e6880cfea4 sp=0x0000005ce92fec90
Event: 16.918 Thread 0x000001e6945e1000 DEOPT UNPACKING pc=0x000001e6800278af sp=0x0000005ce92fec48 mode 2

Classes redefined (0 events):
No events

Internal exceptions (20 events):
Event: 16.096 Thread 0x000001e6ff1d0800 Exception <a 'java/lang/ClassNotFoundException'{0x00000000a84145b8}: org/gradle/process/internal/DefaultExecAction_DecoratedBeanInfo> (0x00000000a84145b8) thrown at [./src/hotspot/share/classfile/systemDictionary.cpp, line 231]
Event: 16.096 Thread 0x000001e6ff1d0800 Exception <a 'java/lang/ClassNotFoundException'{0x00000000a8446bb0}: org/gradle/process/internal/DefaultExecActionBeanInfo> (0x00000000a8446bb0) thrown at [./src/hotspot/share/classfile/systemDictionary.cpp, line 231]
Event: 16.097 Thread 0x000001e6ff1d0800 Exception <a 'java/lang/ClassNotFoundException'{0x00000000a847bf40}: org/gradle/process/internal/DefaultExecHandleBuilderBeanInfo> (0x00000000a847bf40) thrown at [./src/hotspot/share/classfile/systemDictionary.cpp, line 231]
Event: 16.099 Thread 0x000001e6ff1d0800 Exception <a 'java/lang/ClassNotFoundException'{0x00000000a84b21f8}: org/gradle/process/internal/AbstractExecHandleBuilderBeanInfo> (0x00000000a84b21f8) thrown at [./src/hotspot/share/classfile/systemDictionary.cpp, line 231]
Event: 16.099 Thread 0x000001e6ff1d0800 Exception <a 'java/lang/ClassNotFoundException'{0x00000000a84e8778}: org/gradle/process/internal/DefaultProcessForkOptionsBeanInfo> (0x00000000a84e8778) thrown at [./src/hotspot/share/classfile/systemDictionary.cpp, line 231]
Event: 16.100 Thread 0x000001e6ff1d0800 Exception <a 'java/lang/ClassNotFoundException'{0x00000000a831f4d0}: org/gradle/process/internal/DefaultProcessForkOptionsCustomizer> (0x00000000a831f4d0) thrown at [./src/hotspot/share/classfile/systemDictionary.cpp, line 231]
Event: 16.101 Thread 0x000001e6ff1d0800 Exception <a 'java/lang/ClassNotFoundException'{0x00000000a8362fc8}: org/gradle/process/internal/AbstractExecHandleBuilderCustomizer> (0x00000000a8362fc8) thrown at [./src/hotspot/share/classfile/systemDictionary.cpp, line 231]
Event: 16.102 Thread 0x000001e6ff1d0800 Exception <a 'java/lang/ClassNotFoundException'{0x00000000a83aa578}: org/gradle/process/internal/DefaultExecHandleBuilderCustomizer> (0x00000000a83aa578) thrown at [./src/hotspot/share/classfile/systemDictionary.cpp, line 231]
Event: 16.102 Thread 0x000001e6ff1d0800 Exception <a 'java/lang/ClassNotFoundException'{0x00000000a8209ea0}: org/gradle/process/internal/DefaultExecActionCustomizer> (0x00000000a8209ea0) thrown at [./src/hotspot/share/classfile/systemDictionary.cpp, line 231]
Event: 16.103 Thread 0x000001e6ff1d0800 Exception <a 'java/lang/ClassNotFoundException'{0x00000000a8249960}: org/gradle/process/internal/DefaultExecAction_DecoratedCustomizer> (0x00000000a8249960) thrown at [./src/hotspot/share/classfile/systemDictionary.cpp, line 231]
Event: 16.105 Thread 0x000001e6ff1d0800 Exception <a 'java/lang/ClassNotFoundException'{0x00000000a82a5cf8}: org/gradle/api/logging/LogLevelBeanInfo> (0x00000000a82a5cf8) thrown at [./src/hotspot/share/classfile/systemDictionary.cpp, line 231]
Event: 16.105 Thread 0x000001e6ff1d0800 Exception <a 'java/lang/ClassNotFoundException'{0x00000000a82d2cf8}: org/gradle/api/logging/LogLevelCustomizer> (0x00000000a82d2cf8) thrown at [./src/hotspot/share/classfile/systemDictionary.cpp, line 231]
Event: 16.108 Thread 0x000001e6ff1d0800 Exception <a 'java/lang/ClassNotFoundException'{0x00000000a81499e0}: org/gradle/internal/logging/services/DefaultLoggingManagerBeanInfo> (0x00000000a81499e0) thrown at [./src/hotspot/share/classfile/systemDictionary.cpp, line 231]
Event: 16.109 Thread 0x000001e6ff1d0800 Exception <a 'java/lang/ClassNotFoundException'{0x00000000a81818e0}: org/gradle/internal/logging/services/DefaultLoggingManagerCustomizer> (0x00000000a81818e0) thrown at [./src/hotspot/share/classfile/systemDictionary.cpp, line 231]
Event: 16.112 Thread 0x000001e6ff1d0800 Exception <a 'java/lang/ClassNotFoundException'{0x00000000a81bf8d0}: java/lang/BooleanBeanInfo> (0x00000000a81bf8d0) thrown at [./src/hotspot/share/classfile/systemDictionary.cpp, line 231]
Event: 16.112 Thread 0x000001e6ff1d0800 Exception <a 'java/lang/ClassNotFoundException'{0x00000000a81cd638}: java/lang/BooleanCustomizer> (0x00000000a81cd638) thrown at [./src/hotspot/share/classfile/systemDictionary.cpp, line 231]
Event: 16.130 Thread 0x000001e6945e6800 Exception <a 'java/lang/NoSuchMethodError'{0x00000000a8047330}: 'void java.lang.invoke.DirectMethodHandle$Holder.invokeStatic(java.lang.Object, long)'> (0x00000000a8047330) thrown at [./src/hotspot/share/interpreter/linkResolver.cpp, line 773]
Event: 16.130 Thread 0x000001e6945e6800 Exception <a 'java/lang/NoSuchMethodError'{0x00000000a804c2a0}: 'java.lang.Object java.lang.invoke.DirectMethodHandle$Holder.invokeStatic(java.lang.Object, long)'> (0x00000000a804c2a0) thrown at [./src/hotspot/share/interpreter/linkResolver.cpp, line 773]
Event: 16.130 Thread 0x000001e6945e6800 Exception <a 'java/lang/NoSuchMethodError'{0x00000000a804f5c8}: 'java.lang.Object java.lang.invoke.DirectMethodHandle$Holder.invokeSpecial(java.lang.Object, java.lang.Object, long)'> (0x00000000a804f5c8) thrown at [./src/hotspot/share/interpreter/linkResolver.cpp, line 773]
Event: 16.131 Thread 0x000001e6945e6800 Exception <a 'java/lang/NoSuchMethodError'{0x00000000a805a3d0}: 'java.lang.Object java.lang.invoke.DirectMethodHandle$Holder.invokeStaticInit(java.lang.Object, java.lang.Object, long, java.lang.Object)'> (0x00000000a805a3d0) thrown at [./src/hotspot/share/interpreter/linkResolver.cpp, line 773]

Events (20 events):
Event: 16.118 loading class java/lang/ProcessImpl done
Event: 16.130 loading class java/lang/ProcessHandleImpl
Event: 16.131 loading class java/lang/ProcessHandleImpl done
Event: 16.131 loading class java/lang/ProcessImpl$2
Event: 16.132 loading class java/lang/ProcessImpl$2 done
Event: 16.132 loading class java/lang/Process$PipeInputStream
Event: 16.132 loading class java/lang/Process$PipeInputStream done
Event: 16.132 Executing VM operation: Deoptimize
Event: 16.133 Executing VM operation: Deoptimize done
Event: 16.133 loading class org/gradle/process/internal/streams/ExecOutputHandleRunner
Event: 16.133 loading class org/gradle/process/internal/streams/ExecOutputHandleRunner done
Event: 16.134 Thread 0x000001e6945e1000 Thread added: 0x000001e6945e1000
Event: 16.134 Thread 0x000001e6945e7800 Thread added: 0x000001e6945e7800
Event: 16.916 loading class org/gradle/internal/logging/events/StyledTextOutputEvent$Span
Event: 16.916 loading class org/gradle/internal/logging/events/StyledTextOutputEvent$Span done
Event: 16.916 loading class org/gradle/internal/logging/events/operations/StyledTextBuildOperationProgressDetails$Span
Event: 16.916 loading class org/gradle/internal/logging/events/operations/StyledTextBuildOperationProgressDetails$Span done
Event: 16.916 loading class org/gradle/internal/operations/logging/StyledTextBuildOperationProgressDetails$Span
Event: 16.916 loading class org/gradle/internal/operations/logging/StyledTextBuildOperationProgressDetails$Span done
Event: 16.917 Thread 0x000001e69654a000 Thread exited: 0x000001e69654a000


Dynamic libraries:
0x00007ff6f0d70000 - 0x00007ff6f0d7a000 	C:\Program Files\Android\Android Studio\jre\bin\java.exe
0x00007ff82a4f0000 - 0x00007ff82a6e7000 	C:\Windows\SYSTEM32\ntdll.dll
0x00007ff82a2c0000 - 0x00007ff82a37d000 	C:\Windows\System32\KERNEL32.DLL
0x00007ff827fc0000 - 0x00007ff8282b6000 	C:\Windows\System32\KERNELBASE.dll
0x00007ff827d30000 - 0x00007ff827e30000 	C:\Windows\System32\ucrtbase.dll
0x00007ff80c870000 - 0x00007ff80c887000 	C:\Program Files\Android\Android Studio\jre\bin\VCRUNTIME140.dll
0x00007ff813370000 - 0x00007ff813389000 	C:\Program Files\Android\Android Studio\jre\bin\jli.dll
0x00007ff829a80000 - 0x00007ff829c1e000 	C:\Windows\System32\USER32.dll
0x00007ff827f90000 - 0x00007ff827fb2000 	C:\Windows\System32\win32u.dll
0x00007ffffab60000 - 0x00007ffffadfa000 	C:\Windows\WinSxS\amd64_microsoft.windows.common-controls_6595b64144ccf1df_6.0.19041.3570_none_60bb2a3971f3e41a\COMCTL32.dll
0x00007ff829f00000 - 0x00007ff829f2c000 	C:\Windows\System32\GDI32.dll
0x00007ff829c20000 - 0x00007ff829cbe000 	C:\Windows\System32\msvcrt.dll
0x00007ff828350000 - 0x00007ff82846a000 	C:\Windows\System32\gdi32full.dll
0x00007ff827ef0000 - 0x00007ff827f8d000 	C:\Windows\System32\msvcp_win.dll
0x00007ff828d00000 - 0x00007ff828d30000 	C:\Windows\System32\IMM32.DLL
0x00007ff808120000 - 0x00007ff8081bd000 	C:\Program Files\Android\Android Studio\jre\bin\msvcp140.dll
0x00007fffba470000 - 0x00007fffbaf3f000 	C:\Program Files\Android\Android Studio\jre\bin\server\jvm.dll
0x00007ff829f30000 - 0x00007ff829fde000 	C:\Windows\System32\ADVAPI32.dll
0x00007ff82a140000 - 0x00007ff82a1dc000 	C:\Windows\System32\sechost.dll
0x00007ff82a380000 - 0x00007ff82a4a6000 	C:\Windows\System32\RPCRT4.dll
0x00007ff82a1e0000 - 0x00007ff82a1e8000 	C:\Windows\System32\PSAPI.DLL
0x00007ff8192b0000 - 0x00007ff8192b9000 	C:\Windows\SYSTEM32\WSOCK32.dll
0x00007ff829a10000 - 0x00007ff829a7b000 	C:\Windows\System32\WS2_32.dll
0x00007ff823ee0000 - 0x00007ff823eea000 	C:\Windows\SYSTEM32\VERSION.dll
0x00007ff818da0000 - 0x00007ff818dc7000 	C:\Windows\SYSTEM32\WINMM.dll
0x00007ff826400000 - 0x00007ff826412000 	C:\Windows\SYSTEM32\kernel.appcore.dll
0x00007ff80c700000 - 0x00007ff80c711000 	C:\Program Files\Android\Android Studio\jre\bin\verify.dll
0x00007ff825820000 - 0x00007ff825a04000 	C:\Windows\SYSTEM32\DBGHELP.DLL
0x00007ff8200c0000 - 0x00007ff8200f4000 	C:\Windows\SYSTEM32\dbgcore.DLL
0x00007ff8282c0000 - 0x00007ff828342000 	C:\Windows\System32\bcryptPrimitives.dll
0x00007ff80bb10000 - 0x00007ff80bb39000 	C:\Program Files\Android\Android Studio\jre\bin\java.dll
0x00007ff817d00000 - 0x00007ff817d0b000 	C:\Program Files\Android\Android Studio\jre\bin\jimage.dll
0x00007ff809580000 - 0x00007ff809598000 	C:\Program Files\Android\Android Studio\jre\bin\zip.dll
0x00007ff8285b0000 - 0x00007ff828cf4000 	C:\Windows\System32\SHELL32.dll
0x00007ff825c50000 - 0x00007ff8263eb000 	C:\Windows\SYSTEM32\windows.storage.dll
0x00007ff829270000 - 0x00007ff8295c4000 	C:\Windows\System32\combase.dll
0x00007ff827610000 - 0x00007ff82763d000 	C:\Windows\SYSTEM32\Wldp.dll
0x00007ff829cc0000 - 0x00007ff829d6d000 	C:\Windows\System32\SHCORE.dll
0x00007ff8291a0000 - 0x00007ff8291f5000 	C:\Windows\System32\shlwapi.dll
0x00007ff827b00000 - 0x00007ff827b25000 	C:\Windows\SYSTEM32\profapi.dll
0x00007ff809560000 - 0x00007ff80957a000 	C:\Program Files\Android\Android Studio\jre\bin\net.dll
0x00007ff81f870000 - 0x00007ff81f97a000 	C:\Windows\SYSTEM32\WINHTTP.dll
0x00007ff827370000 - 0x00007ff8273da000 	C:\Windows\system32\mswsock.dll
0x00007ff809540000 - 0x00007ff809554000 	C:\Program Files\Android\Android Studio\jre\bin\nio.dll
0x00007ff8080f0000 - 0x00007ff808117000 	C:\Users\enesa\.gradle\native\e1d6ef7f7dcc3fd88c89a11ec53ec762bb8ba0a96d01ffa2cd45eb1d1d8dd5c5\windows-amd64\native-platform.dll
0x00007ff807fa0000 - 0x00007ff8080e4000 	C:\Users\enesa\.gradle\native\0d407fdbe67a94daf76414ababcb853783967236a71b16ec16e742cd7a986fd3\windows-amd64\native-platform-file-events.dll
0x00007ff817c30000 - 0x00007ff817c3a000 	C:\Program Files\Android\Android Studio\jre\bin\management.dll
0x00007ff817480000 - 0x00007ff81748c000 	C:\Program Files\Android\Android Studio\jre\bin\management_ext.dll
0x00007ff827570000 - 0x00007ff827588000 	C:\Windows\SYSTEM32\CRYPTSP.dll
0x00007ff826c10000 - 0x00007ff826c44000 	C:\Windows\system32\rsaenh.dll
0x00007ff828520000 - 0x00007ff828547000 	C:\Windows\System32\bcrypt.dll
0x00007ff827ac0000 - 0x00007ff827aee000 	C:\Windows\SYSTEM32\USERENV.dll
0x00007ff827560000 - 0x00007ff82756c000 	C:\Windows\SYSTEM32\CRYPTBASE.dll
0x00007ff827010000 - 0x00007ff82704b000 	C:\Windows\SYSTEM32\IPHLPAPI.DLL
0x00007ff829200000 - 0x00007ff829208000 	C:\Windows\System32\NSI.dll
0x00007ff8202c0000 - 0x00007ff8202d7000 	C:\Windows\SYSTEM32\dhcpcsvc6.DLL
0x00007ff820a50000 - 0x00007ff820a6d000 	C:\Windows\SYSTEM32\dhcpcsvc.DLL
0x00007ff827060000 - 0x00007ff82712a000 	C:\Windows\SYSTEM32\DNSAPI.dll

dbghelp: loaded successfully - version: 4.0.5 - missing functions: none
symbol engine: initialized successfully - sym options: 0x614 - pdb path: .;C:\Program Files\Android\Android Studio\jre\bin;C:\Windows\SYSTEM32;C:\Windows\WinSxS\amd64_microsoft.windows.common-controls_6595b64144ccf1df_6.0.19041.3570_none_60bb2a3971f3e41a;C:\Program Files\Android\Android Studio\jre\bin\server;C:\Users\enesa\.gradle\native\e1d6ef7f7dcc3fd88c89a11ec53ec762bb8ba0a96d01ffa2cd45eb1d1d8dd5c5\windows-amd64;C:\Users\enesa\.gradle\native\0d407fdbe67a94daf76414ababcb853783967236a71b16ec16e742cd7a986fd3\windows-amd64

VM Arguments:
jvm_args: --add-opens=java.base/java.util=ALL-UNNAMED --add-opens=java.base/java.lang=ALL-UNNAMED --add-opens=java.base/java.lang.invoke=ALL-UNNAMED --add-opens=java.base/java.util=ALL-UNNAMED --add-opens=java.prefs/java.util.prefs=ALL-UNNAMED --add-opens=java.prefs/java.util.prefs=ALL-UNNAMED --add-opens=java.base/java.nio.charset=ALL-UNNAMED --add-opens=java.base/java.net=ALL-UNNAMED --add-opens=java.base/java.util.concurrent.atomic=ALL-UNNAMED -Xmx1536M -Dfile.encoding=windows-1254 -Duser.country=TR -Duser.language=tr -Duser.variant 
java_command: org.gradle.launcher.daemon.bootstrap.GradleDaemon 7.5
java_class_path (initial): C:\Users\enesa\.gradle\wrapper\dists\gradle-7.5-all\6qsw290k5lz422uaf8jf6m7co\gradle-7.5\lib\gradle-launcher-7.5.jar
Launcher Type: SUN_STANDARD

[Global flags]
     intx CICompilerCount                          = 4                                         {product} {ergonomic}
     uint ConcGCThreads                            = 2                                         {product} {ergonomic}
     uint G1ConcRefinementThreads                  = 8                                         {product} {ergonomic}
   size_t G1HeapRegionSize                         = 1048576                                   {product} {ergonomic}
    uintx GCDrainStackTargetSize                   = 64                                        {product} {ergonomic}
   size_t InitialHeapSize                          = 132120576                                 {product} {ergonomic}
   size_t MarkStackSize                            = 4194304                                   {product} {ergonomic}
   size_t MaxHeapSize                              = 1610612736                                {product} {command line}
   size_t MaxNewSize                               = 965738496                                 {product} {ergonomic}
   size_t MinHeapDeltaBytes                        = 1048576                                   {product} {ergonomic}
    uintx NonNMethodCodeHeapSize                   = 5836300                                {pd product} {ergonomic}
    uintx NonProfiledCodeHeapSize                  = 122910970                              {pd product} {ergonomic}
    uintx ProfiledCodeHeapSize                     = 122910970                              {pd product} {ergonomic}
    uintx ReservedCodeCacheSize                    = 251658240                              {pd product} {ergonomic}
     bool SegmentedCodeCache                       = true                                      {product} {ergonomic}
     bool UseCompressedClassPointers               = true                                 {lp64_product} {ergonomic}
     bool UseCompressedOops                        = true                                 {lp64_product} {ergonomic}
     bool UseG1GC                                  = true                                      {product} {ergonomic}
     bool UseLargePagesIndividualAllocation        = false                                  {pd product} {ergonomic}

Logging:
Log output configuration:
 #0: stdout all=warning uptime,level,tags
 #1: stderr all=off uptime,level,tags

Environment Variables:
JAVA_HOME=C:\Program Files\Android\Android Studio\jre
CLASSPATH=C:\Development\plantECommerce\plant\android\\gradle\wrapper\gradle-wrapper.jar
PATH=C:\Program Files\Android\Android Studio\jre\bin;C:\src\flutter\bin\;C:\Windows\System32\WindowsPowerShell\v1.0;C:\Program Files\nodejs\;C:\Program Files\Git\bin;C:\Program Files\Git\cmd;C:\Program Files\heroku\bin;C:\Program Files\MySQL\MySQL Shell 8.0\bin\;C:\Users\enesa\AppData\Local\Microsoft\WindowsApps;C:\src\flutter\bin;C:\Program Files\Java\jdk-11.0.11\bin;C:\Users\enesa\AppData\Local\Programs\Microsoft VS Code\bin;C:\Users\enesa\AppData\Local\Programs\MiKTeX\miktex\bin\x64\;C:\Users\enesa\AppData\Local\GitHubDesktop\bin;C:\tools\dart-sdk\bin;C:\Users\enesa\AppData\Roaming\Pub\Cache\bin;C:\Program Files\Azure Data Studio\bin;C:\Users\enesa\.dotnet\tools;C:\Program Files\MongoDB\Server\7.0\bin;C:\Program Files\mongosh-1.10.6-win32-x64\bin;C:\WINDOWS\System32\WindowsPowerShell\v1.0\powershell.exe -Command;C:\Windows\System32;C:\Users\enesa\AppData\Roaming\npm\;C:\Users\enesa\AppData\Local\Pub\Cache\bin;C:\Program Files\heroku\bin;C:\src\flutter\bin\mingit\cmd
USERNAME=enesa
LANG=en_US.UTF-8
OS=Windows_NT
PROCESSOR_IDENTIFIER=Intel64 Family 6 Model 165 Stepping 2, GenuineIntel



---------------  S Y S T E M  ---------------

OS: Windows 10 , 64 bit Build 19041 (10.0.19041.3570)
OS uptime: 2 days 2:51 hours

CPU:total 8 (initial active 8) (4 cores per cpu, 2 threads per core) family 6 model 165 stepping 2 microcode 0xf0, cmov, cx8, fxsr, mmx, sse, sse2, sse3, ssse3, sse4.1, sse4.2, popcnt, avx, avx2, aes, clmul, erms, 3dnowpref, lzcnt, ht, tsc, tscinvbit, bmi1, bmi2, adx, fma

Memory: 4k page, system-wide physical 8059M (454M free)
TotalPageFile size 16251M (AvailPageFile size 0M)
current process WorkingSet (physical memory assigned to process): 419M, peak: 430M
current process commit charge ("private bytes"): 458M, peak: 469M

vm_info: OpenJDK 64-Bit Server VM (11.0.10+0-b96-7249189) for windows-amd64 JRE (11.0.10+0-b96-7249189), built on Mar 31 2021 21:44:00 by "builder" with MS VC++ 14.0 (VS2015)

END.
